2020-01-31 10:09:09 [WARN] - spring.jpa.open-in-view is enabled by default. Therefore, database queries may be performed during view rendering. Explicitly configure spring.jpa.open-in-view to disable this warning
2020-01-31 10:09:10 [WARN] - [THYMELEAF][main] Template Mode 'LEGACYHTML5' is deprecated. Using Template Mode 'HTML' instead.
2020-01-31 10:09:10 [ERROR] - 

***************************
APPLICATION FAILED TO START
***************************

Description:

The Tomcat connector configured to listen on port 8080 failed to start. The port may already be in use or the connector may be misconfigured.

Action:

Verify the connector's configuration, identify and stop any process that's listening on port 8080, or configure this application to listen on another port.

2020-01-31 10:09:47 [WARN] - spring.jpa.open-in-view is enabled by default. Therefore, database queries may be performed during view rendering. Explicitly configure spring.jpa.open-in-view to disable this warning
2020-01-31 10:09:47 [WARN] - [THYMELEAF][main] Template Mode 'LEGACYHTML5' is deprecated. Using Template Mode 'HTML' instead.
2020-01-31 10:12:44 [WARN] - spring.jpa.open-in-view is enabled by default. Therefore, database queries may be performed during view rendering. Explicitly configure spring.jpa.open-in-view to disable this warning
2020-01-31 10:12:44 [WARN] - [THYMELEAF][main] Template Mode 'LEGACYHTML5' is deprecated. Using Template Mode 'HTML' instead.
2020-01-31 10:17:29 [ERROR] - [THYMELEAF][http-nio-8088-exec-7] Exception processing template "game/user/user": Error resolving template [game/user/user], template might not exist or might not be accessible by any of the configured Template Resolvers
org.thymeleaf.exceptions.TemplateInputException: Error resolving template [game/user/user], template might not exist or might not be accessible by any of the configured Template Resolvers
	at org.thymeleaf.engine.TemplateManager.resolveTemplate(TemplateManager.java:869)
	at org.thymeleaf.engine.TemplateManager.parseAndProcess(TemplateManager.java:607)
	at org.thymeleaf.TemplateEngine.process(TemplateEngine.java:1098)
	at org.thymeleaf.TemplateEngine.process(TemplateEngine.java:1072)
	at org.thymeleaf.spring5.view.ThymeleafView.renderFragment(ThymeleafView.java:362)
	at org.thymeleaf.spring5.view.ThymeleafView.render(ThymeleafView.java:189)
	at org.springframework.web.servlet.DispatcherServlet.render(DispatcherServlet.java:1371)
	at org.springframework.web.servlet.DispatcherServlet.processDispatchResult(DispatcherServlet.java:1117)
	at org.springframework.web.servlet.DispatcherServlet.doDispatch(DispatcherServlet.java:1056)
	at org.springframework.web.servlet.DispatcherServlet.doService(DispatcherServlet.java:942)
	at org.springframework.web.servlet.FrameworkServlet.processRequest(FrameworkServlet.java:1005)
	at org.springframework.web.servlet.FrameworkServlet.doGet(FrameworkServlet.java:897)
	at javax.servlet.http.HttpServlet.service(HttpServlet.java:634)
	at org.springframework.web.servlet.FrameworkServlet.service(FrameworkServlet.java:882)
	at javax.servlet.http.HttpServlet.service(HttpServlet.java:741)
	at org.apache.catalina.core.ApplicationFilterChain.internalDoFilter(ApplicationFilterChain.java:231)
	at org.apache.catalina.core.ApplicationFilterChain.doFilter(ApplicationFilterChain.java:166)
	at org.apache.tomcat.websocket.server.WsFilter.doFilter(WsFilter.java:53)
	at org.apache.catalina.core.ApplicationFilterChain.internalDoFilter(ApplicationFilterChain.java:193)
	at org.apache.catalina.core.ApplicationFilterChain.doFilter(ApplicationFilterChain.java:166)
	at com.alibaba.druid.support.http.WebStatFilter.doFilter(WebStatFilter.java:123)
	at org.apache.catalina.core.ApplicationFilterChain.internalDoFilter(ApplicationFilterChain.java:193)
	at org.apache.catalina.core.ApplicationFilterChain.doFilter(ApplicationFilterChain.java:166)
	at org.springframework.web.filter.RequestContextFilter.doFilterInternal(RequestContextFilter.java:99)
	at org.springframework.web.filter.OncePerRequestFilter.doFilter(OncePerRequestFilter.java:118)
	at org.apache.catalina.core.ApplicationFilterChain.internalDoFilter(ApplicationFilterChain.java:193)
	at org.apache.catalina.core.ApplicationFilterChain.doFilter(ApplicationFilterChain.java:166)
	at org.springframework.web.filter.FormContentFilter.doFilterInternal(FormContentFilter.java:92)
	at org.springframework.web.filter.OncePerRequestFilter.doFilter(OncePerRequestFilter.java:118)
	at org.apache.catalina.core.ApplicationFilterChain.internalDoFilter(ApplicationFilterChain.java:193)
	at org.apache.catalina.core.ApplicationFilterChain.doFilter(ApplicationFilterChain.java:166)
	at org.springframework.web.filter.HiddenHttpMethodFilter.doFilterInternal(HiddenHttpMethodFilter.java:93)
	at org.springframework.web.filter.OncePerRequestFilter.doFilter(OncePerRequestFilter.java:118)
	at org.apache.catalina.core.ApplicationFilterChain.internalDoFilter(ApplicationFilterChain.java:193)
	at org.apache.catalina.core.ApplicationFilterChain.doFilter(ApplicationFilterChain.java:166)
	at org.springframework.web.filter.CharacterEncodingFilter.doFilterInternal(CharacterEncodingFilter.java:200)
	at org.springframework.web.filter.OncePerRequestFilter.doFilter(OncePerRequestFilter.java:118)
	at org.apache.catalina.core.ApplicationFilterChain.internalDoFilter(ApplicationFilterChain.java:193)
	at org.apache.catalina.core.ApplicationFilterChain.doFilter(ApplicationFilterChain.java:166)
	at org.apache.catalina.core.StandardWrapperValve.invoke(StandardWrapperValve.java:202)
	at org.apache.catalina.core.StandardContextValve.invoke(StandardContextValve.java:96)
	at org.apache.catalina.authenticator.AuthenticatorBase.invoke(AuthenticatorBase.java:490)
	at org.apache.catalina.core.StandardHostValve.invoke(StandardHostValve.java:139)
	at org.apache.catalina.valves.ErrorReportValve.invoke(ErrorReportValve.java:92)
	at org.apache.catalina.core.StandardEngineValve.invoke(StandardEngineValve.java:74)
	at org.apache.catalina.connector.CoyoteAdapter.service(CoyoteAdapter.java:343)
	at org.apache.coyote.http11.Http11Processor.service(Http11Processor.java:408)
	at org.apache.coyote.AbstractProcessorLight.process(AbstractProcessorLight.java:66)
	at org.apache.coyote.AbstractProtocol$ConnectionHandler.process(AbstractProtocol.java:853)
	at org.apache.tomcat.util.net.NioEndpoint$SocketProcessor.doRun(NioEndpoint.java:1587)
	at org.apache.tomcat.util.net.SocketProcessorBase.run(SocketProcessorBase.java:49)
	at java.util.concurrent.ThreadPoolExecutor.runWorker(ThreadPoolExecutor.java:1142)
	at java.util.concurrent.ThreadPoolExecutor$Worker.run(ThreadPoolExecutor.java:617)
	at org.apache.tomcat.util.threads.TaskThread$WrappingRunnable.run(TaskThread.java:61)
	at java.lang.Thread.run(Thread.java:748)
2020-01-31 10:20:02 [WARN] - spring.jpa.open-in-view is enabled by default. Therefore, database queries may be performed during view rendering. Explicitly configure spring.jpa.open-in-view to disable this warning
2020-01-31 10:20:03 [WARN] - [THYMELEAF][main] Template Mode 'LEGACYHTML5' is deprecated. Using Template Mode 'HTML' instead.
2020-01-31 11:37:45 [WARN] - spring.jpa.open-in-view is enabled by default. Therefore, database queries may be performed during view rendering. Explicitly configure spring.jpa.open-in-view to disable this warning
2020-01-31 11:37:45 [WARN] - [THYMELEAF][main] Template Mode 'LEGACYHTML5' is deprecated. Using Template Mode 'HTML' instead.
2020-01-31 11:39:53 [WARN] - spring.jpa.open-in-view is enabled by default. Therefore, database queries may be performed during view rendering. Explicitly configure spring.jpa.open-in-view to disable this warning
2020-01-31 11:39:53 [WARN] - [THYMELEAF][main] Template Mode 'LEGACYHTML5' is deprecated. Using Template Mode 'HTML' instead.
2020-01-31 11:40:24 [WARN] - spring.jpa.open-in-view is enabled by default. Therefore, database queries may be performed during view rendering. Explicitly configure spring.jpa.open-in-view to disable this warning
2020-01-31 11:40:24 [WARN] - [THYMELEAF][main] Template Mode 'LEGACYHTML5' is deprecated. Using Template Mode 'HTML' instead.
2020-01-31 11:44:10 [WARN] - spring.jpa.open-in-view is enabled by default. Therefore, database queries may be performed during view rendering. Explicitly configure spring.jpa.open-in-view to disable this warning
2020-01-31 11:44:10 [WARN] - [THYMELEAF][main] Template Mode 'LEGACYHTML5' is deprecated. Using Template Mode 'HTML' instead.
2020-01-31 11:48:46 [WARN] - spring.jpa.open-in-view is enabled by default. Therefore, database queries may be performed during view rendering. Explicitly configure spring.jpa.open-in-view to disable this warning
2020-01-31 11:48:46 [WARN] - [THYMELEAF][main] Template Mode 'LEGACYHTML5' is deprecated. Using Template Mode 'HTML' instead.
2020-01-31 12:05:12 [WARN] - spring.jpa.open-in-view is enabled by default. Therefore, database queries may be performed during view rendering. Explicitly configure spring.jpa.open-in-view to disable this warning
2020-01-31 12:05:13 [WARN] - [THYMELEAF][main] Template Mode 'LEGACYHTML5' is deprecated. Using Template Mode 'HTML' instead.
2020-01-31 13:46:35 [WARN] - spring.jpa.open-in-view is enabled by default. Therefore, database queries may be performed during view rendering. Explicitly configure spring.jpa.open-in-view to disable this warning
2020-01-31 13:46:35 [WARN] - [THYMELEAF][main] Template Mode 'LEGACYHTML5' is deprecated. Using Template Mode 'HTML' instead.
2020-01-31 13:48:31 [WARN] - spring.jpa.open-in-view is enabled by default. Therefore, database queries may be performed during view rendering. Explicitly configure spring.jpa.open-in-view to disable this warning
2020-01-31 13:48:31 [WARN] - [THYMELEAF][main] Template Mode 'LEGACYHTML5' is deprecated. Using Template Mode 'HTML' instead.
2020-01-31 14:18:56 [WARN] - spring.jpa.open-in-view is enabled by default. Therefore, database queries may be performed during view rendering. Explicitly configure spring.jpa.open-in-view to disable this warning
2020-01-31 14:18:56 [WARN] - [THYMELEAF][main] Template Mode 'LEGACYHTML5' is deprecated. Using Template Mode 'HTML' instead.
2020-01-31 17:55:31 [WARN] - spring.jpa.open-in-view is enabled by default. Therefore, database queries may be performed during view rendering. Explicitly configure spring.jpa.open-in-view to disable this warning
2020-01-31 17:55:31 [WARN] - [THYMELEAF][main] Template Mode 'LEGACYHTML5' is deprecated. Using Template Mode 'HTML' instead.
2020-01-31 17:59:02 [WARN] - spring.jpa.open-in-view is enabled by default. Therefore, database queries may be performed during view rendering. Explicitly configure spring.jpa.open-in-view to disable this warning
2020-01-31 17:59:03 [WARN] - [THYMELEAF][main] Template Mode 'LEGACYHTML5' is deprecated. Using Template Mode 'HTML' instead.
2020-01-31 18:01:20 [WARN] - spring.jpa.open-in-view is enabled by default. Therefore, database queries may be performed during view rendering. Explicitly configure spring.jpa.open-in-view to disable this warning
2020-01-31 18:01:20 [WARN] - [THYMELEAF][main] Template Mode 'LEGACYHTML5' is deprecated. Using Template Mode 'HTML' instead.
2020-01-31 18:10:15 [WARN] - spring.jpa.open-in-view is enabled by default. Therefore, database queries may be performed during view rendering. Explicitly configure spring.jpa.open-in-view to disable this warning
2020-01-31 18:10:16 [WARN] - [THYMELEAF][main] Template Mode 'LEGACYHTML5' is deprecated. Using Template Mode 'HTML' instead.
2020-01-31 20:35:38 [WARN] - Cookie rejected [BAIDUID="710F44AB457D73866FFF420A37F18482:FG=1", version:0, domain:baidu.com, path:/, expiry:Fri Jan 01 07:55:55 CST 2038] Illegal 'domain' attribute "baidu.com". Domain of origin: "aip.baidubce.com"
2020-01-31 20:35:38 [WARN] - Cookie rejected [BAIDUID="710F44AB457D73864ED8063F374D707B:FG=1", version:0, domain:baidu.com, path:/, expiry:Fri Jan 01 07:55:55 CST 2038] Illegal 'domain' attribute "baidu.com". Domain of origin: "aip.baidubce.com"
2020-01-31 20:40:35 [WARN] - Cookie rejected [BAIDUID="C0B06BC9C474A7B44C715D21234E4CEA:FG=1", version:0, domain:baidu.com, path:/, expiry:Fri Jan 01 07:55:55 CST 2038] Illegal 'domain' attribute "baidu.com". Domain of origin: "aip.baidubce.com"
2020-01-31 20:40:35 [WARN] - Cookie rejected [BAIDUID="C0B06BC9C474A7B4DCA0743851817A7B:FG=1", version:0, domain:baidu.com, path:/, expiry:Fri Jan 01 07:55:55 CST 2038] Illegal 'domain' attribute "baidu.com". Domain of origin: "aip.baidubce.com"
2020-01-31 20:44:19 [WARN] - Cookie rejected [BAIDUID="B13A0278315A2BAB68F914034CEFF640:FG=1", version:0, domain:baidu.com, path:/, expiry:Fri Jan 01 07:55:55 CST 2038] Illegal 'domain' attribute "baidu.com". Domain of origin: "aip.baidubce.com"
2020-01-31 20:44:19 [WARN] - Cookie rejected [BAIDUID="B13A0278315A2BABA9BEFFB4EA8BAA52:FG=1", version:0, domain:baidu.com, path:/, expiry:Fri Jan 01 07:55:55 CST 2038] Illegal 'domain' attribute "baidu.com". Domain of origin: "aip.baidubce.com"
2020-01-31 20:49:47 [WARN] - Cookie rejected [BAIDUID="F9A736B739B76E286CE879C63A291509:FG=1", version:0, domain:baidu.com, path:/, expiry:Sat Jan 30 20:48:06 CST 2021] Illegal 'domain' attribute "baidu.com". Domain of origin: "aip.baidubce.com"
2020-01-31 20:49:47 [WARN] - Cookie rejected [BAIDUID="4D0307C632FA1581FC41E8F08D3026B2:FG=1", version:0, domain:baidu.com, path:/, expiry:Fri Jan 01 07:55:55 CST 2038] Illegal 'domain' attribute "baidu.com". Domain of origin: "aip.baidubce.com"
2020-01-31 20:49:47 [WARN] - Cookie rejected [BAIDUID="4D0307C632FA158137B323E4404C17F8:FG=1", version:0, domain:baidu.com, path:/, expiry:Fri Jan 01 07:55:55 CST 2038] Illegal 'domain' attribute "baidu.com". Domain of origin: "aip.baidubce.com"
2020-01-31 21:07:20 [WARN] - Cookie rejected [BAIDUID="86B214327D9AEC5756C1E1851F981F68:FG=1", version:0, domain:baidu.com, path:/, expiry:Sat Jan 30 21:05:39 CST 2021] Illegal 'domain' attribute "baidu.com". Domain of origin: "aip.baidubce.com"
2020-01-31 21:07:20 [WARN] - Cookie rejected [BAIDUID="F6EAEDAE0EE5FF4844E5AA66DDDB0488:FG=1", version:0, domain:baidu.com, path:/, expiry:Fri Jan 01 07:55:55 CST 2038] Illegal 'domain' attribute "baidu.com". Domain of origin: "aip.baidubce.com"
2020-01-31 21:07:20 [WARN] - Cookie rejected [BAIDUID="F6EAEDAE0EE5FF48519D27F120B0A488:FG=1", version:0, domain:baidu.com, path:/, expiry:Fri Jan 01 07:55:55 CST 2038] Illegal 'domain' attribute "baidu.com". Domain of origin: "aip.baidubce.com"
2020-01-31 21:07:36 [WARN] - Cookie rejected [BAIDUID="2245C140F91FE51352F365634C51DBC5:FG=1", version:0, domain:baidu.com, path:/, expiry:Sat Jan 30 21:05:56 CST 2021] Illegal 'domain' attribute "baidu.com". Domain of origin: "aip.baidubce.com"
2020-01-31 21:07:36 [WARN] - Cookie rejected [BAIDUID="8BA3B8D8841987C02C7A8B3F52EBBC10:FG=1", version:0, domain:baidu.com, path:/, expiry:Fri Jan 01 07:55:55 CST 2038] Illegal 'domain' attribute "baidu.com". Domain of origin: "aip.baidubce.com"
2020-01-31 21:07:36 [WARN] - Cookie rejected [BAIDUID="8BA3B8D8841987C07F925E1C6FBFC4DD:FG=1", version:0, domain:baidu.com, path:/, expiry:Fri Jan 01 07:55:55 CST 2038] Illegal 'domain' attribute "baidu.com". Domain of origin: "aip.baidubce.com"
2020-01-31 21:27:53 [WARN] - Cookie rejected [BAIDUID="11650297244B1A77E39D243A7EA73C10:FG=1", version:0, domain:baidu.com, path:/, expiry:Sat Jan 30 21:26:13 CST 2021] Illegal 'domain' attribute "baidu.com". Domain of origin: "aip.baidubce.com"
2020-01-31 21:27:53 [WARN] - Cookie rejected [BAIDUID="865CC260BE36882FCC9F2B29898E0683:FG=1", version:0, domain:baidu.com, path:/, expiry:Fri Jan 01 07:55:55 CST 2038] Illegal 'domain' attribute "baidu.com". Domain of origin: "aip.baidubce.com"
2020-01-31 21:27:53 [WARN] - Cookie rejected [BAIDUID="865CC260BE36882FD7F3267A624C0DF1:FG=1", version:0, domain:baidu.com, path:/, expiry:Fri Jan 01 07:55:55 CST 2038] Illegal 'domain' attribute "baidu.com". Domain of origin: "aip.baidubce.com"
2020-01-31 21:30:36 [WARN] - Cookie rejected [BAIDUID="7E3637A814DAFB7AA6CD2F14A7FAB0DA:FG=1", version:0, domain:baidu.com, path:/, expiry:Sat Jan 30 21:28:55 CST 2021] Illegal 'domain' attribute "baidu.com". Domain of origin: "aip.baidubce.com"
2020-01-31 21:30:36 [WARN] - Cookie rejected [BAIDUID="BB6C38485C03F1362AD6F882BC616784:FG=1", version:0, domain:baidu.com, path:/, expiry:Fri Jan 01 07:55:55 CST 2038] Illegal 'domain' attribute "baidu.com". Domain of origin: "aip.baidubce.com"
2020-01-31 21:30:36 [WARN] - Cookie rejected [BAIDUID="BB6C38485C03F136A676B1C6AE063093:FG=1", version:0, domain:baidu.com, path:/, expiry:Fri Jan 01 07:55:55 CST 2038] Illegal 'domain' attribute "baidu.com". Domain of origin: "aip.baidubce.com"
2020-01-31 21:31:12 [WARN] - Cookie rejected [BAIDUID="184872D0E25290B40CEAB599104B3381:FG=1", version:0, domain:baidu.com, path:/, expiry:Fri Jan 01 07:55:55 CST 2038] Illegal 'domain' attribute "baidu.com". Domain of origin: "aip.baidubce.com"
2020-01-31 21:31:12 [WARN] - Cookie rejected [BAIDUID="184872D0E25290B49EE2C18C102E28A9:FG=1", version:0, domain:baidu.com, path:/, expiry:Fri Jan 01 07:55:55 CST 2038] Illegal 'domain' attribute "baidu.com". Domain of origin: "aip.baidubce.com"
2020-01-31 21:31:55 [WARN] - Cookie rejected [BAIDUID="5403CD39191A7A30ECA957EFC1BC2521:FG=1", version:0, domain:baidu.com, path:/, expiry:Sat Jan 30 21:30:15 CST 2021] Illegal 'domain' attribute "baidu.com". Domain of origin: "aip.baidubce.com"
2020-01-31 21:31:55 [WARN] - Cookie rejected [BAIDUID="4855248C9C95627D362FD2FFD56DB3E7:FG=1", version:0, domain:baidu.com, path:/, expiry:Fri Jan 01 07:55:55 CST 2038] Illegal 'domain' attribute "baidu.com". Domain of origin: "aip.baidubce.com"
2020-01-31 21:31:55 [WARN] - Cookie rejected [BAIDUID="4855248C9C95627DAA602E865FC94934:FG=1", version:0, domain:baidu.com, path:/, expiry:Fri Jan 01 07:55:55 CST 2038] Illegal 'domain' attribute "baidu.com". Domain of origin: "aip.baidubce.com"
2020-01-31 21:58:57 [WARN] - spring.jpa.open-in-view is enabled by default. Therefore, database queries may be performed during view rendering. Explicitly configure spring.jpa.open-in-view to disable this warning
2020-01-31 21:58:57 [WARN] - [THYMELEAF][main] Template Mode 'LEGACYHTML5' is deprecated. Using Template Mode 'HTML' instead.
2020-01-31 22:01:22 [WARN] - Cookie rejected [BAIDUID="2A8E208DD04ED55F9AF5D0C1EC7831FA:FG=1", version:0, domain:baidu.com, path:/, expiry:Sat Jan 30 21:59:41 CST 2021] Illegal 'domain' attribute "baidu.com". Domain of origin: "aip.baidubce.com"
2020-01-31 22:01:22 [WARN] - Cookie rejected [BAIDUID="ADFBF0A4F120C8CF4D1647C1503FB9DE:FG=1", version:0, domain:baidu.com, path:/, expiry:Fri Jan 01 07:55:55 CST 2038] Illegal 'domain' attribute "baidu.com". Domain of origin: "aip.baidubce.com"
2020-01-31 22:01:22 [WARN] - Cookie rejected [BAIDUID="ADFBF0A4F120C8CF3273EBD84F38C01F:FG=1", version:0, domain:baidu.com, path:/, expiry:Fri Jan 01 07:55:55 CST 2038] Illegal 'domain' attribute "baidu.com". Domain of origin: "aip.baidubce.com"
2020-01-31 22:05:37 [WARN] - spring.jpa.open-in-view is enabled by default. Therefore, database queries may be performed during view rendering. Explicitly configure spring.jpa.open-in-view to disable this warning
2020-01-31 22:05:37 [WARN] - [THYMELEAF][main] Template Mode 'LEGACYHTML5' is deprecated. Using Template Mode 'HTML' instead.
2020-01-31 22:07:45 [WARN] - spring.jpa.open-in-view is enabled by default. Therefore, database queries may be performed during view rendering. Explicitly configure spring.jpa.open-in-view to disable this warning
2020-01-31 22:07:45 [WARN] - [THYMELEAF][main] Template Mode 'LEGACYHTML5' is deprecated. Using Template Mode 'HTML' instead.
2020-01-31 22:11:49 [WARN] - spring.jpa.open-in-view is enabled by default. Therefore, database queries may be performed during view rendering. Explicitly configure spring.jpa.open-in-view to disable this warning
2020-01-31 22:11:49 [WARN] - [THYMELEAF][main] Template Mode 'LEGACYHTML5' is deprecated. Using Template Mode 'HTML' instead.
2020-01-31 22:13:52 [WARN] - spring.jpa.open-in-view is enabled by default. Therefore, database queries may be performed during view rendering. Explicitly configure spring.jpa.open-in-view to disable this warning
2020-01-31 22:13:52 [WARN] - [THYMELEAF][main] Template Mode 'LEGACYHTML5' is deprecated. Using Template Mode 'HTML' instead.
2020-01-31 22:17:55 [WARN] - spring.jpa.open-in-view is enabled by default. Therefore, database queries may be performed during view rendering. Explicitly configure spring.jpa.open-in-view to disable this warning
2020-01-31 22:17:55 [WARN] - [THYMELEAF][main] Template Mode 'LEGACYHTML5' is deprecated. Using Template Mode 'HTML' instead.
2020-01-31 22:18:45 [WARN] - spring.jpa.open-in-view is enabled by default. Therefore, database queries may be performed during view rendering. Explicitly configure spring.jpa.open-in-view to disable this warning
2020-01-31 22:18:45 [WARN] - [THYMELEAF][main] Template Mode 'LEGACYHTML5' is deprecated. Using Template Mode 'HTML' instead.
2020-01-31 22:19:44 [WARN] - spring.jpa.open-in-view is enabled by default. Therefore, database queries may be performed during view rendering. Explicitly configure spring.jpa.open-in-view to disable this warning
2020-01-31 22:19:44 [WARN] - [THYMELEAF][main] Template Mode 'LEGACYHTML5' is deprecated. Using Template Mode 'HTML' instead.
2020-01-31 22:20:13 [WARN] - spring.jpa.open-in-view is enabled by default. Therefore, database queries may be performed during view rendering. Explicitly configure spring.jpa.open-in-view to disable this warning
2020-01-31 22:20:13 [WARN] - [THYMELEAF][main] Template Mode 'LEGACYHTML5' is deprecated. Using Template Mode 'HTML' instead.
2020-01-31 22:20:55 [WARN] - spring.jpa.open-in-view is enabled by default. Therefore, database queries may be performed during view rendering. Explicitly configure spring.jpa.open-in-view to disable this warning
2020-01-31 22:20:55 [WARN] - [THYMELEAF][main] Template Mode 'LEGACYHTML5' is deprecated. Using Template Mode 'HTML' instead.
2020-01-31 22:22:01 [WARN] - spring.jpa.open-in-view is enabled by default. Therefore, database queries may be performed during view rendering. Explicitly configure spring.jpa.open-in-view to disable this warning
2020-01-31 22:22:01 [WARN] - [THYMELEAF][main] Template Mode 'LEGACYHTML5' is deprecated. Using Template Mode 'HTML' instead.
2020-01-31 22:22:20 [WARN] - Cookie rejected [BAIDUID="BD288D981CC345880E5257321A004F6E:FG=1", version:0, domain:baidu.com, path:/, expiry:Sat Jan 30 22:20:39 CST 2021] Illegal 'domain' attribute "baidu.com". Domain of origin: "aip.baidubce.com"
2020-01-31 22:22:20 [WARN] - Cookie rejected [BAIDUID="766F4974750CD154235B421AACBE6489:FG=1", version:0, domain:baidu.com, path:/, expiry:Fri Jan 01 07:55:55 CST 2038] Illegal 'domain' attribute "baidu.com". Domain of origin: "aip.baidubce.com"
2020-01-31 22:22:20 [WARN] - Cookie rejected [BAIDUID="766F4974750CD15473137BA550239812:FG=1", version:0, domain:baidu.com, path:/, expiry:Fri Jan 01 07:55:55 CST 2038] Illegal 'domain' attribute "baidu.com". Domain of origin: "aip.baidubce.com"
2020-01-31 22:23:14 [WARN] - Cookie rejected [BAIDUID="51B37E54738BD30BFB0D71AB34440175:FG=1", version:0, domain:baidu.com, path:/, expiry:Sat Jan 30 22:21:34 CST 2021] Illegal 'domain' attribute "baidu.com". Domain of origin: "aip.baidubce.com"
2020-01-31 22:23:14 [WARN] - Cookie rejected [BAIDUID="C017E1ECB047C75CB7777C2A9002AEA8:FG=1", version:0, domain:baidu.com, path:/, expiry:Fri Jan 01 07:55:55 CST 2038] Illegal 'domain' attribute "baidu.com". Domain of origin: "aip.baidubce.com"
2020-01-31 22:23:14 [WARN] - Cookie rejected [BAIDUID="C017E1ECB047C75C119D10115B907A5F:FG=1", version:0, domain:baidu.com, path:/, expiry:Fri Jan 01 07:55:55 CST 2038] Illegal 'domain' attribute "baidu.com". Domain of origin: "aip.baidubce.com"
2020-01-31 22:24:37 [WARN] - spring.jpa.open-in-view is enabled by default. Therefore, database queries may be performed during view rendering. Explicitly configure spring.jpa.open-in-view to disable this warning
2020-01-31 22:24:37 [WARN] - [THYMELEAF][main] Template Mode 'LEGACYHTML5' is deprecated. Using Template Mode 'HTML' instead.
2020-01-31 22:25:52 [WARN] - Cookie rejected [BAIDUID="3CF12DFC70451F75C88618D5E3DCC675:FG=1", version:0, domain:baidu.com, path:/, expiry:Sat Jan 30 22:24:12 CST 2021] Illegal 'domain' attribute "baidu.com". Domain of origin: "aip.baidubce.com"
2020-01-31 22:25:52 [WARN] - Cookie rejected [BAIDUID="FBEDD35E796B3073BC9CFCE2A409ED80:FG=1", version:0, domain:baidu.com, path:/, expiry:Fri Jan 01 07:55:55 CST 2038] Illegal 'domain' attribute "baidu.com". Domain of origin: "aip.baidubce.com"
2020-01-31 22:25:52 [WARN] - Cookie rejected [BAIDUID="FBEDD35E796B3073865F128FE4122DA6:FG=1", version:0, domain:baidu.com, path:/, expiry:Fri Jan 01 07:55:55 CST 2038] Illegal 'domain' attribute "baidu.com". Domain of origin: "aip.baidubce.com"
2020-01-31 22:31:04 [WARN] - Resolved [org.springframework.web.HttpRequestMethodNotSupportedException: Request method 'GET' not supported]
2020-01-31 22:31:47 [WARN] - Resolved [org.springframework.web.HttpRequestMethodNotSupportedException: Request method 'GET' not supported]
2020-01-31 22:32:36 [WARN] - Resolved [org.springframework.web.HttpRequestMethodNotSupportedException: Request method 'GET' not supported]
2020-01-31 22:34:54 [WARN] - spring.jpa.open-in-view is enabled by default. Therefore, database queries may be performed during view rendering. Explicitly configure spring.jpa.open-in-view to disable this warning
2020-01-31 22:34:54 [WARN] - [THYMELEAF][main] Template Mode 'LEGACYHTML5' is deprecated. Using Template Mode 'HTML' instead.
2020-01-31 22:36:52 [WARN] - Cookie rejected [BAIDUID="4D95CD6F6F4CED84829858929022C5A0:FG=1", version:0, domain:baidu.com, path:/, expiry:Sat Jan 30 22:35:12 CST 2021] Illegal 'domain' attribute "baidu.com". Domain of origin: "aip.baidubce.com"
2020-01-31 22:36:52 [WARN] - Cookie rejected [BAIDUID="A500A6BD0AB04AE2052B8DFA11061565:FG=1", version:0, domain:baidu.com, path:/, expiry:Fri Jan 01 07:55:55 CST 2038] Illegal 'domain' attribute "baidu.com". Domain of origin: "aip.baidubce.com"
2020-01-31 22:36:52 [WARN] - Cookie rejected [BAIDUID="9433532C67105BA3E21723CD679ACB0E:FG=1", version:0, domain:baidu.com, path:/, expiry:Fri Jan 01 07:55:55 CST 2038] Illegal 'domain' attribute "baidu.com". Domain of origin: "aip.baidubce.com"
2020-01-31 22:39:57 [WARN] - Cookie rejected [BAIDUID="CAFDC1ADB0BDF8D667400D38DC1EFE6F:FG=1", version:0, domain:baidu.com, path:/, expiry:Sat Jan 30 22:38:17 CST 2021] Illegal 'domain' attribute "baidu.com". Domain of origin: "aip.baidubce.com"
2020-01-31 22:39:57 [WARN] - Cookie rejected [BAIDUID="DD36B9FF04154A9B3303802F6E3E20EF:FG=1", version:0, domain:baidu.com, path:/, expiry:Fri Jan 01 07:55:55 CST 2038] Illegal 'domain' attribute "baidu.com". Domain of origin: "aip.baidubce.com"
2020-01-31 22:39:57 [WARN] - Cookie rejected [BAIDUID="DD36B9FF04154A9B24A18D9305457C61:FG=1", version:0, domain:baidu.com, path:/, expiry:Fri Jan 01 07:55:55 CST 2038] Illegal 'domain' attribute "baidu.com". Domain of origin: "aip.baidubce.com"
2020-01-31 22:40:38 [WARN] - Cookie rejected [BAIDUID="D9D66E8A2D951CE5F6A21991BBFB0B88:FG=1", version:0, domain:baidu.com, path:/, expiry:Sat Jan 30 22:38:58 CST 2021] Illegal 'domain' attribute "baidu.com". Domain of origin: "aip.baidubce.com"
2020-01-31 22:40:38 [WARN] - Cookie rejected [BAIDUID="9D568B066C300D99340ABE3447205B9B:FG=1", version:0, domain:baidu.com, path:/, expiry:Fri Jan 01 07:55:55 CST 2038] Illegal 'domain' attribute "baidu.com". Domain of origin: "aip.baidubce.com"
2020-01-31 22:40:38 [WARN] - Cookie rejected [BAIDUID="9D568B066C300D99530AD49ADEB25D47:FG=1", version:0, domain:baidu.com, path:/, expiry:Fri Jan 01 07:55:55 CST 2038] Illegal 'domain' attribute "baidu.com". Domain of origin: "aip.baidubce.com"
2020-01-31 22:40:58 [WARN] - Cookie rejected [BAIDUID="C3F364F936CD3844378F34901EB00C1C:FG=1", version:0, domain:baidu.com, path:/, expiry:Sat Jan 30 22:39:18 CST 2021] Illegal 'domain' attribute "baidu.com". Domain of origin: "aip.baidubce.com"
2020-01-31 22:40:58 [WARN] - Cookie rejected [BAIDUID="C05FE9ABF0A6197D3880BE8535812989:FG=1", version:0, domain:baidu.com, path:/, expiry:Fri Jan 01 07:55:55 CST 2038] Illegal 'domain' attribute "baidu.com". Domain of origin: "aip.baidubce.com"
2020-01-31 22:40:58 [WARN] - Cookie rejected [BAIDUID="C05FE9ABF0A6197D0BDF1EAD07D73F5C:FG=1", version:0, domain:baidu.com, path:/, expiry:Fri Jan 01 07:55:55 CST 2038] Illegal 'domain' attribute "baidu.com". Domain of origin: "aip.baidubce.com"
2020-01-31 22:41:18 [WARN] - Cookie rejected [BAIDUID="C25CC94675E3A23C1F7B46C1D3FE8FA4:FG=1", version:0, domain:baidu.com, path:/, expiry:Sat Jan 30 22:39:38 CST 2021] Illegal 'domain' attribute "baidu.com". Domain of origin: "aip.baidubce.com"
2020-01-31 22:41:18 [WARN] - Cookie rejected [BAIDUID="68BB49F9CCC16B821B1A7E08DCE5B67A:FG=1", version:0, domain:baidu.com, path:/, expiry:Fri Jan 01 07:55:55 CST 2038] Illegal 'domain' attribute "baidu.com". Domain of origin: "aip.baidubce.com"
2020-01-31 22:41:18 [WARN] - Cookie rejected [BAIDUID="68BB49F9CCC16B820A9D0EA1B7855947:FG=1", version:0, domain:baidu.com, path:/, expiry:Fri Jan 01 07:55:55 CST 2038] Illegal 'domain' attribute "baidu.com". Domain of origin: "aip.baidubce.com"
2020-01-31 22:41:31 [WARN] - Cookie rejected [BAIDUID="66B677E06C8C1F4A007D27D77795FE89:FG=1", version:0, domain:baidu.com, path:/, expiry:Sat Jan 30 22:39:51 CST 2021] Illegal 'domain' attribute "baidu.com". Domain of origin: "aip.baidubce.com"
2020-01-31 22:41:31 [WARN] - Cookie rejected [BAIDUID="EDDCED7F2496DF43E3CCC7BE44FE9C64:FG=1", version:0, domain:baidu.com, path:/, expiry:Fri Jan 01 07:55:55 CST 2038] Illegal 'domain' attribute "baidu.com". Domain of origin: "aip.baidubce.com"
2020-01-31 22:41:31 [WARN] - Cookie rejected [BAIDUID="EDDCED7F2496DF43F62C5E82D9557755:FG=1", version:0, domain:baidu.com, path:/, expiry:Fri Jan 01 07:55:55 CST 2038] Illegal 'domain' attribute "baidu.com". Domain of origin: "aip.baidubce.com"
2020-01-31 22:41:36 [WARN] - Cookie rejected [BAIDUID="FFADB28F30018E851EFE991EE3B8F353:FG=1", version:0, domain:baidu.com, path:/, expiry:Sat Jan 30 22:39:55 CST 2021] Illegal 'domain' attribute "baidu.com". Domain of origin: "aip.baidubce.com"
2020-01-31 22:41:36 [WARN] - Cookie rejected [BAIDUID="3FFBC728AD69193281D71754F6B4D68C:FG=1", version:0, domain:baidu.com, path:/, expiry:Fri Jan 01 07:55:55 CST 2038] Illegal 'domain' attribute "baidu.com". Domain of origin: "aip.baidubce.com"
2020-01-31 22:41:36 [WARN] - Cookie rejected [BAIDUID="3FFBC728AD691932D60961D6EE571629:FG=1", version:0, domain:baidu.com, path:/, expiry:Fri Jan 01 07:55:55 CST 2038] Illegal 'domain' attribute "baidu.com". Domain of origin: "aip.baidubce.com"
2020-01-31 22:42:09 [WARN] - Cookie rejected [BAIDUID="6FAA71784BB8AD944DC3829E34D51A61:FG=1", version:0, domain:baidu.com, path:/, expiry:Sat Jan 30 22:40:29 CST 2021] Illegal 'domain' attribute "baidu.com". Domain of origin: "aip.baidubce.com"
2020-01-31 22:42:09 [WARN] - Cookie rejected [BAIDUID="690A8541ACC8243EFC8C5F36D817CCC6:FG=1", version:0, domain:baidu.com, path:/, expiry:Fri Jan 01 07:55:55 CST 2038] Illegal 'domain' attribute "baidu.com". Domain of origin: "aip.baidubce.com"
2020-01-31 22:42:09 [WARN] - Cookie rejected [BAIDUID="690A8541ACC8243EAAAA46A2BA51762C:FG=1", version:0, domain:baidu.com, path:/, expiry:Fri Jan 01 07:55:55 CST 2038] Illegal 'domain' attribute "baidu.com". Domain of origin: "aip.baidubce.com"
2020-01-31 22:42:16 [WARN] - Cookie rejected [BAIDUID="873C3A259A574ED64822B9FA304B15C0:FG=1", version:0, domain:baidu.com, path:/, expiry:Sat Jan 30 22:40:35 CST 2021] Illegal 'domain' attribute "baidu.com". Domain of origin: "aip.baidubce.com"
2020-01-31 22:42:16 [WARN] - Cookie rejected [BAIDUID="34661B73572EE9F72B2641E82FE1A5F1:FG=1", version:0, domain:baidu.com, path:/, expiry:Fri Jan 01 07:55:55 CST 2038] Illegal 'domain' attribute "baidu.com". Domain of origin: "aip.baidubce.com"
2020-01-31 22:42:16 [WARN] - Cookie rejected [BAIDUID="34661B73572EE9F7F02E4B358990095B:FG=1", version:0, domain:baidu.com, path:/, expiry:Fri Jan 01 07:55:55 CST 2038] Illegal 'domain' attribute "baidu.com". Domain of origin: "aip.baidubce.com"
2020-01-31 22:42:47 [WARN] - Cookie rejected [BAIDUID="6BCC96D0297A053E4C3014757C024C05:FG=1", version:0, domain:baidu.com, path:/, expiry:Sat Jan 30 22:41:06 CST 2021] Illegal 'domain' attribute "baidu.com". Domain of origin: "aip.baidubce.com"
2020-01-31 22:42:47 [WARN] - Cookie rejected [BAIDUID="2307E5275C933D6EDC99C7FD0C15741D:FG=1", version:0, domain:baidu.com, path:/, expiry:Fri Jan 01 07:55:55 CST 2038] Illegal 'domain' attribute "baidu.com". Domain of origin: "aip.baidubce.com"
2020-01-31 22:42:47 [WARN] - Cookie rejected [BAIDUID="2307E5275C933D6E9EEC566D5DF07A91:FG=1", version:0, domain:baidu.com, path:/, expiry:Fri Jan 01 07:55:55 CST 2038] Illegal 'domain' attribute "baidu.com". Domain of origin: "aip.baidubce.com"
2020-01-31 22:43:18 [WARN] - Cookie rejected [BAIDUID="5392F7EC7C08A6358CCA8169B7C85811:FG=1", version:0, domain:baidu.com, path:/, expiry:Sat Jan 30 22:41:38 CST 2021] Illegal 'domain' attribute "baidu.com". Domain of origin: "aip.baidubce.com"
2020-01-31 22:43:18 [WARN] - Cookie rejected [BAIDUID="8C477FDD182F45D9B09A80E031428A2B:FG=1", version:0, domain:baidu.com, path:/, expiry:Fri Jan 01 07:55:55 CST 2038] Illegal 'domain' attribute "baidu.com". Domain of origin: "aip.baidubce.com"
2020-01-31 22:43:18 [WARN] - Cookie rejected [BAIDUID="8C477FDD182F45D929B84C532C819021:FG=1", version:0, domain:baidu.com, path:/, expiry:Fri Jan 01 07:55:55 CST 2038] Illegal 'domain' attribute "baidu.com". Domain of origin: "aip.baidubce.com"
2020-01-31 22:43:43 [WARN] - Cookie rejected [BAIDUID="92F258389D12478B0218D4B566066ED3:FG=1", version:0, domain:baidu.com, path:/, expiry:Sat Jan 30 22:42:03 CST 2021] Illegal 'domain' attribute "baidu.com". Domain of origin: "aip.baidubce.com"
2020-01-31 22:43:43 [WARN] - Cookie rejected [BAIDUID="78321C491C2E90B348F93C4A8DB31F17:FG=1", version:0, domain:baidu.com, path:/, expiry:Fri Jan 01 07:55:55 CST 2038] Illegal 'domain' attribute "baidu.com". Domain of origin: "aip.baidubce.com"
2020-01-31 22:43:43 [WARN] - Cookie rejected [BAIDUID="78321C491C2E90B363EE448DAE104E5D:FG=1", version:0, domain:baidu.com, path:/, expiry:Fri Jan 01 07:55:55 CST 2038] Illegal 'domain' attribute "baidu.com". Domain of origin: "aip.baidubce.com"
2020-01-31 22:43:56 [WARN] - Cookie rejected [BAIDUID="F6345F761922018F208C8FFA8D4F0339:FG=1", version:0, domain:baidu.com, path:/, expiry:Sat Jan 30 22:42:15 CST 2021] Illegal 'domain' attribute "baidu.com". Domain of origin: "aip.baidubce.com"
2020-01-31 22:43:56 [WARN] - Cookie rejected [BAIDUID="AC530223FFB5D388E7D116B298EF3CA2:FG=1", version:0, domain:baidu.com, path:/, expiry:Fri Jan 01 07:55:55 CST 2038] Illegal 'domain' attribute "baidu.com". Domain of origin: "aip.baidubce.com"
2020-01-31 22:43:56 [WARN] - Cookie rejected [BAIDUID="AC530223FFB5D388D375FCBA95D9B5F8:FG=1", version:0, domain:baidu.com, path:/, expiry:Fri Jan 01 07:55:55 CST 2038] Illegal 'domain' attribute "baidu.com". Domain of origin: "aip.baidubce.com"
2020-01-31 22:44:44 [WARN] - Cookie rejected [BAIDUID="07E2C513DD75CA8EC6A755562A9B09C6:FG=1", version:0, domain:baidu.com, path:/, expiry:Sat Jan 30 22:43:04 CST 2021] Illegal 'domain' attribute "baidu.com". Domain of origin: "aip.baidubce.com"
2020-01-31 22:44:44 [WARN] - Cookie rejected [BAIDUID="EE3DA9BDB3606B221BBE5100B86685D9:FG=1", version:0, domain:baidu.com, path:/, expiry:Fri Jan 01 07:55:55 CST 2038] Illegal 'domain' attribute "baidu.com". Domain of origin: "aip.baidubce.com"
2020-01-31 22:44:44 [WARN] - Cookie rejected [BAIDUID="EE3DA9BDB3606B2281471D6D74A8AF9C:FG=1", version:0, domain:baidu.com, path:/, expiry:Fri Jan 01 07:55:55 CST 2038] Illegal 'domain' attribute "baidu.com". Domain of origin: "aip.baidubce.com"
2020-01-31 22:45:53 [WARN] - Cookie rejected [BAIDUID="DCEBF7569F07D0CFB5CE32D495B5487D:FG=1", version:0, domain:baidu.com, path:/, expiry:Sat Jan 30 22:44:13 CST 2021] Illegal 'domain' attribute "baidu.com". Domain of origin: "aip.baidubce.com"
2020-01-31 22:45:53 [WARN] - Cookie rejected [BAIDUID="10F5DAE77855BBAFA9BE990B3D868106:FG=1", version:0, domain:baidu.com, path:/, expiry:Fri Jan 01 07:55:55 CST 2038] Illegal 'domain' attribute "baidu.com". Domain of origin: "aip.baidubce.com"
2020-01-31 22:45:53 [WARN] - Cookie rejected [BAIDUID="10F5DAE77855BBAF348A8E71243A3032:FG=1", version:0, domain:baidu.com, path:/, expiry:Fri Jan 01 07:55:55 CST 2038] Illegal 'domain' attribute "baidu.com". Domain of origin: "aip.baidubce.com"
2020-01-31 22:47:26 [WARN] - Cookie rejected [BAIDUID="4FCB8349DB96753E4E5A9FCD1431D3E2:FG=1", version:0, domain:baidu.com, path:/, expiry:Sat Jan 30 22:45:46 CST 2021] Illegal 'domain' attribute "baidu.com". Domain of origin: "aip.baidubce.com"
2020-01-31 22:47:26 [WARN] - Cookie rejected [BAIDUID="CDEEAB0F8EFA7A84F5B8AA7A35819516:FG=1", version:0, domain:baidu.com, path:/, expiry:Fri Jan 01 07:55:55 CST 2038] Illegal 'domain' attribute "baidu.com". Domain of origin: "aip.baidubce.com"
2020-01-31 22:47:26 [WARN] - Cookie rejected [BAIDUID="CDEEAB0F8EFA7A84F53300B7B7B8ED8E:FG=1", version:0, domain:baidu.com, path:/, expiry:Fri Jan 01 07:55:55 CST 2038] Illegal 'domain' attribute "baidu.com". Domain of origin: "aip.baidubce.com"
2020-01-31 22:48:02 [WARN] - Cookie rejected [BAIDUID="F0BA247A4D149AB31DA52AD55C4E6B12:FG=1", version:0, domain:baidu.com, path:/, expiry:Sat Jan 30 22:46:22 CST 2021] Illegal 'domain' attribute "baidu.com". Domain of origin: "aip.baidubce.com"
2020-01-31 22:48:02 [WARN] - Cookie rejected [BAIDUID="9E99E205CE31C5AA31CE0969233CD3DF:FG=1", version:0, domain:baidu.com, path:/, expiry:Fri Jan 01 07:55:55 CST 2038] Illegal 'domain' attribute "baidu.com". Domain of origin: "aip.baidubce.com"
2020-01-31 22:48:02 [WARN] - Cookie rejected [BAIDUID="9E99E205CE31C5AA9BB6F0C0CFB0C756:FG=1", version:0, domain:baidu.com, path:/, expiry:Fri Jan 01 07:55:55 CST 2038] Illegal 'domain' attribute "baidu.com". Domain of origin: "aip.baidubce.com"
2020-01-31 22:49:31 [WARN] - Cookie rejected [BAIDUID="A08521E19AF3C34AAF89C4996E029AB4:FG=1", version:0, domain:baidu.com, path:/, expiry:Sat Jan 30 22:47:51 CST 2021] Illegal 'domain' attribute "baidu.com". Domain of origin: "aip.baidubce.com"
2020-01-31 22:49:31 [WARN] - Cookie rejected [BAIDUID="A2D364F1583F9BD484AA8C361F108808:FG=1", version:0, domain:baidu.com, path:/, expiry:Fri Jan 01 07:55:55 CST 2038] Illegal 'domain' attribute "baidu.com". Domain of origin: "aip.baidubce.com"
2020-01-31 22:49:31 [WARN] - Cookie rejected [BAIDUID="A2D364F1583F9BD4439AC23D5F4EDE4A:FG=1", version:0, domain:baidu.com, path:/, expiry:Fri Jan 01 07:55:55 CST 2038] Illegal 'domain' attribute "baidu.com". Domain of origin: "aip.baidubce.com"
2020-01-31 22:49:43 [WARN] - Cookie rejected [BAIDUID="A4F2A1AF9330B8D84F88C2BCA42BCAC3:FG=1", version:0, domain:baidu.com, path:/, expiry:Sat Jan 30 22:48:02 CST 2021] Illegal 'domain' attribute "baidu.com". Domain of origin: "aip.baidubce.com"
2020-01-31 22:49:43 [WARN] - Cookie rejected [BAIDUID="253C9262CB40C9333227EC63AF0C1319:FG=1", version:0, domain:baidu.com, path:/, expiry:Fri Jan 01 07:55:55 CST 2038] Illegal 'domain' attribute "baidu.com". Domain of origin: "aip.baidubce.com"
2020-01-31 22:49:43 [WARN] - Cookie rejected [BAIDUID="253C9262CB40C933A8FDDD5908792285:FG=1", version:0, domain:baidu.com, path:/, expiry:Fri Jan 01 07:55:55 CST 2038] Illegal 'domain' attribute "baidu.com". Domain of origin: "aip.baidubce.com"
2020-01-31 22:50:34 [WARN] - Cookie rejected [BAIDUID="4EC1C4F37D8C12AD5F0F1537DB8F828E:FG=1", version:0, domain:baidu.com, path:/, expiry:Sat Jan 30 22:48:54 CST 2021] Illegal 'domain' attribute "baidu.com". Domain of origin: "aip.baidubce.com"
2020-01-31 22:50:34 [WARN] - Cookie rejected [BAIDUID="6C3E31B76BCD93BC6E3735D07CAD34DC:FG=1", version:0, domain:baidu.com, path:/, expiry:Fri Jan 01 07:55:55 CST 2038] Illegal 'domain' attribute "baidu.com". Domain of origin: "aip.baidubce.com"
2020-01-31 22:50:34 [WARN] - Cookie rejected [BAIDUID="6C3E31B76BCD93BC6C8D13D0CFFC36B0:FG=1", version:0, domain:baidu.com, path:/, expiry:Fri Jan 01 07:55:55 CST 2038] Illegal 'domain' attribute "baidu.com". Domain of origin: "aip.baidubce.com"
2020-01-31 22:50:55 [WARN] - Cookie rejected [BAIDUID="E0E55052845FB36DD9630D19AB9BDA3A:FG=1", version:0, domain:baidu.com, path:/, expiry:Sat Jan 30 22:49:15 CST 2021] Illegal 'domain' attribute "baidu.com". Domain of origin: "aip.baidubce.com"
2020-01-31 22:50:55 [WARN] - Cookie rejected [BAIDUID="123478CDE8F5CEF22BE9B94C85D7A637:FG=1", version:0, domain:baidu.com, path:/, expiry:Fri Jan 01 07:55:55 CST 2038] Illegal 'domain' attribute "baidu.com". Domain of origin: "aip.baidubce.com"
2020-01-31 22:50:55 [WARN] - Cookie rejected [BAIDUID="F1947709FEED7C5A74D9073ECD601324:FG=1", version:0, domain:baidu.com, path:/, expiry:Fri Jan 01 07:55:55 CST 2038] Illegal 'domain' attribute "baidu.com". Domain of origin: "aip.baidubce.com"
2020-01-31 22:52:05 [WARN] - Cookie rejected [BAIDUID="CA353E2B3CF1F83D2C33BA9532C1D331:FG=1", version:0, domain:baidu.com, path:/, expiry:Sat Jan 30 22:50:24 CST 2021] Illegal 'domain' attribute "baidu.com". Domain of origin: "aip.baidubce.com"
2020-01-31 22:52:05 [WARN] - Cookie rejected [BAIDUID="C40DD455C90FE199DEF5BA08FB839ED4:FG=1", version:0, domain:baidu.com, path:/, expiry:Fri Jan 01 07:55:55 CST 2038] Illegal 'domain' attribute "baidu.com". Domain of origin: "aip.baidubce.com"
2020-01-31 22:52:05 [WARN] - Cookie rejected [BAIDUID="C40DD455C90FE199057DC14FD5692BA7:FG=1", version:0, domain:baidu.com, path:/, expiry:Fri Jan 01 07:55:55 CST 2038] Illegal 'domain' attribute "baidu.com". Domain of origin: "aip.baidubce.com"
2020-01-31 22:52:31 [WARN] - Cookie rejected [BAIDUID="C141AC1116ABB67985DD605BFC4FE7BF:FG=1", version:0, domain:baidu.com, path:/, expiry:Sat Jan 30 22:50:50 CST 2021] Illegal 'domain' attribute "baidu.com". Domain of origin: "aip.baidubce.com"
2020-01-31 22:52:31 [WARN] - Cookie rejected [BAIDUID="ED0105250D45385CD7C303A3A2755025:FG=1", version:0, domain:baidu.com, path:/, expiry:Fri Jan 01 07:55:55 CST 2038] Illegal 'domain' attribute "baidu.com". Domain of origin: "aip.baidubce.com"
2020-01-31 22:52:31 [WARN] - Cookie rejected [BAIDUID="ED0105250D45385C4555BB33B20CAB1B:FG=1", version:0, domain:baidu.com, path:/, expiry:Fri Jan 01 07:55:55 CST 2038] Illegal 'domain' attribute "baidu.com". Domain of origin: "aip.baidubce.com"
2020-01-31 22:52:46 [WARN] - Cookie rejected [BAIDUID="CD760AD056CD2DB550371A7FF86D891C:FG=1", version:0, domain:baidu.com, path:/, expiry:Sat Jan 30 22:51:06 CST 2021] Illegal 'domain' attribute "baidu.com". Domain of origin: "aip.baidubce.com"
2020-01-31 22:52:46 [WARN] - Cookie rejected [BAIDUID="A5EEAB7FDEC829AC8BB41FFD6250F556:FG=1", version:0, domain:baidu.com, path:/, expiry:Fri Jan 01 07:55:55 CST 2038] Illegal 'domain' attribute "baidu.com". Domain of origin: "aip.baidubce.com"
2020-01-31 22:52:46 [WARN] - Cookie rejected [BAIDUID="A5EEAB7FDEC829AC348D45F469EF3857:FG=1", version:0, domain:baidu.com, path:/, expiry:Fri Jan 01 07:55:55 CST 2038] Illegal 'domain' attribute "baidu.com". Domain of origin: "aip.baidubce.com"
2020-01-31 22:55:05 [WARN] - Cookie rejected [BAIDUID="D9C14189FD3A0580852DF395371C1F54:FG=1", version:0, domain:baidu.com, path:/, expiry:Sat Jan 30 22:53:25 CST 2021] Illegal 'domain' attribute "baidu.com". Domain of origin: "aip.baidubce.com"
2020-01-31 22:55:05 [WARN] - Cookie rejected [BAIDUID="21DE9FBFB14127E9B8AE0BA4C5F97DBB:FG=1", version:0, domain:baidu.com, path:/, expiry:Fri Jan 01 07:55:55 CST 2038] Illegal 'domain' attribute "baidu.com". Domain of origin: "aip.baidubce.com"
2020-01-31 22:55:05 [WARN] - Cookie rejected [BAIDUID="21DE9FBFB14127E997C59EE86D6B7292:FG=1", version:0, domain:baidu.com, path:/, expiry:Fri Jan 01 07:55:55 CST 2038] Illegal 'domain' attribute "baidu.com". Domain of origin: "aip.baidubce.com"
2020-01-31 22:55:41 [WARN] - Cookie rejected [BAIDUID="D9880869AD4072531411E63CF944D675:FG=1", version:0, domain:baidu.com, path:/, expiry:Sat Jan 30 22:54:01 CST 2021] Illegal 'domain' attribute "baidu.com". Domain of origin: "aip.baidubce.com"
2020-01-31 22:55:41 [WARN] - Cookie rejected [BAIDUID="B3AE28A23D68A2CDE4A2DF841AAE5E54:FG=1", version:0, domain:baidu.com, path:/, expiry:Fri Jan 01 07:55:55 CST 2038] Illegal 'domain' attribute "baidu.com". Domain of origin: "aip.baidubce.com"
2020-01-31 22:55:41 [WARN] - Cookie rejected [BAIDUID="B3AE28A23D68A2CD67205EA5177A39AE:FG=1", version:0, domain:baidu.com, path:/, expiry:Fri Jan 01 07:55:55 CST 2038] Illegal 'domain' attribute "baidu.com". Domain of origin: "aip.baidubce.com"
2020-01-31 22:55:59 [WARN] - Cookie rejected [BAIDUID="1D5476D094D93872EFB7E28652789AD5:FG=1", version:0, domain:baidu.com, path:/, expiry:Sat Jan 30 22:54:18 CST 2021] Illegal 'domain' attribute "baidu.com". Domain of origin: "aip.baidubce.com"
2020-01-31 22:55:59 [WARN] - Cookie rejected [BAIDUID="A322E92F5F1C8D6E1058647D15D3982E:FG=1", version:0, domain:baidu.com, path:/, expiry:Fri Jan 01 07:55:55 CST 2038] Illegal 'domain' attribute "baidu.com". Domain of origin: "aip.baidubce.com"
2020-01-31 22:55:59 [WARN] - Cookie rejected [BAIDUID="A322E92F5F1C8D6E2C1140148255ED4B:FG=1", version:0, domain:baidu.com, path:/, expiry:Fri Jan 01 07:55:55 CST 2038] Illegal 'domain' attribute "baidu.com". Domain of origin: "aip.baidubce.com"
2020-01-31 22:57:21 [WARN] - Cookie rejected [BAIDUID="B2D1AADB5E865D4B2D0DC9C7EB9B9C98:FG=1", version:0, domain:baidu.com, path:/, expiry:Sat Jan 30 22:55:40 CST 2021] Illegal 'domain' attribute "baidu.com". Domain of origin: "aip.baidubce.com"
2020-01-31 22:57:21 [WARN] - Cookie rejected [BAIDUID="859E5F176522C5F19F8D5144A0B5CBC4:FG=1", version:0, domain:baidu.com, path:/, expiry:Fri Jan 01 07:55:55 CST 2038] Illegal 'domain' attribute "baidu.com". Domain of origin: "aip.baidubce.com"
2020-01-31 22:57:21 [WARN] - Cookie rejected [BAIDUID="859E5F176522C5F15B705E233E60F363:FG=1", version:0, domain:baidu.com, path:/, expiry:Fri Jan 01 07:55:55 CST 2038] Illegal 'domain' attribute "baidu.com". Domain of origin: "aip.baidubce.com"
2020-01-31 23:02:25 [WARN] - Cookie rejected [BAIDUID="DF361849D605F59945EF713A60F1CBDE:FG=1", version:0, domain:baidu.com, path:/, expiry:Sat Jan 30 23:00:44 CST 2021] Illegal 'domain' attribute "baidu.com". Domain of origin: "aip.baidubce.com"
2020-01-31 23:02:25 [WARN] - Cookie rejected [BAIDUID="D31D10C799B4643F69F9231C2A318B5E:FG=1", version:0, domain:baidu.com, path:/, expiry:Fri Jan 01 07:55:55 CST 2038] Illegal 'domain' attribute "baidu.com". Domain of origin: "aip.baidubce.com"
2020-01-31 23:02:25 [WARN] - Cookie rejected [BAIDUID="D31D10C799B4643F15E4AF838F36249E:FG=1", version:0, domain:baidu.com, path:/, expiry:Fri Jan 01 07:55:55 CST 2038] Illegal 'domain' attribute "baidu.com". Domain of origin: "aip.baidubce.com"
2020-01-31 23:03:33 [WARN] - Cookie rejected [BAIDUID="22E3378C8309B508B5BFD136C68A8E03:FG=1", version:0, domain:baidu.com, path:/, expiry:Sat Jan 30 23:01:52 CST 2021] Illegal 'domain' attribute "baidu.com". Domain of origin: "aip.baidubce.com"
2020-01-31 23:03:33 [WARN] - Cookie rejected [BAIDUID="50ADE168C471B4AE54890B8071FC98FF:FG=1", version:0, domain:baidu.com, path:/, expiry:Fri Jan 01 07:55:55 CST 2038] Illegal 'domain' attribute "baidu.com". Domain of origin: "aip.baidubce.com"
2020-01-31 23:03:33 [WARN] - Cookie rejected [BAIDUID="50ADE168C471B4AE015D65FB4C4733A1:FG=1", version:0, domain:baidu.com, path:/, expiry:Fri Jan 01 07:55:55 CST 2038] Illegal 'domain' attribute "baidu.com". Domain of origin: "aip.baidubce.com"
2020-01-31 23:03:59 [WARN] - Cookie rejected [BAIDUID="8BA73AE731B0989361D9310C46BC9549:FG=1", version:0, domain:baidu.com, path:/, expiry:Sat Jan 30 23:02:18 CST 2021] Illegal 'domain' attribute "baidu.com". Domain of origin: "aip.baidubce.com"
2020-01-31 23:03:59 [WARN] - Cookie rejected [BAIDUID="460F92F1B8427545B5843DCB76BC81D7:FG=1", version:0, domain:baidu.com, path:/, expiry:Fri Jan 01 07:55:55 CST 2038] Illegal 'domain' attribute "baidu.com". Domain of origin: "aip.baidubce.com"
2020-01-31 23:03:59 [WARN] - Cookie rejected [BAIDUID="460F92F1B8427545B4B9A699AE2EBDFF:FG=1", version:0, domain:baidu.com, path:/, expiry:Fri Jan 01 07:55:55 CST 2038] Illegal 'domain' attribute "baidu.com". Domain of origin: "aip.baidubce.com"
2020-01-31 23:05:05 [WARN] - Cookie rejected [BAIDUID="6B381A88F4D18475ACF960A4B21CC417:FG=1", version:0, domain:baidu.com, path:/, expiry:Sat Jan 30 23:03:25 CST 2021] Illegal 'domain' attribute "baidu.com". Domain of origin: "aip.baidubce.com"
2020-01-31 23:05:05 [WARN] - Cookie rejected [BAIDUID="BFFB0520362AAF323433914EF29BB34E:FG=1", version:0, domain:baidu.com, path:/, expiry:Fri Jan 01 07:55:55 CST 2038] Illegal 'domain' attribute "baidu.com". Domain of origin: "aip.baidubce.com"
2020-01-31 23:05:05 [WARN] - Cookie rejected [BAIDUID="BFFB0520362AAF32B924583657BAFBB0:FG=1", version:0, domain:baidu.com, path:/, expiry:Fri Jan 01 07:55:55 CST 2038] Illegal 'domain' attribute "baidu.com". Domain of origin: "aip.baidubce.com"
2020-01-31 23:06:28 [WARN] - Cookie rejected [BAIDUID="DCB70196A0842B0A4B8D55827D0956B4:FG=1", version:0, domain:baidu.com, path:/, expiry:Sat Jan 30 23:04:47 CST 2021] Illegal 'domain' attribute "baidu.com". Domain of origin: "aip.baidubce.com"
2020-01-31 23:06:28 [WARN] - Cookie rejected [BAIDUID="D1439859E7232203EC77BE5AD75688DD:FG=1", version:0, domain:baidu.com, path:/, expiry:Fri Jan 01 07:55:55 CST 2038] Illegal 'domain' attribute "baidu.com". Domain of origin: "aip.baidubce.com"
2020-01-31 23:06:28 [WARN] - Cookie rejected [BAIDUID="D1439859E723220305068D0AE78B40C9:FG=1", version:0, domain:baidu.com, path:/, expiry:Fri Jan 01 07:55:55 CST 2038] Illegal 'domain' attribute "baidu.com". Domain of origin: "aip.baidubce.com"
2020-01-31 23:06:50 [WARN] - Cookie rejected [BAIDUID="0735072ADE4A12F226B0BB84554C5403:FG=1", version:0, domain:baidu.com, path:/, expiry:Sat Jan 30 23:05:10 CST 2021] Illegal 'domain' attribute "baidu.com". Domain of origin: "aip.baidubce.com"
2020-01-31 23:06:50 [WARN] - Cookie rejected [BAIDUID="3422874D890571F5504B80BD8B2813B0:FG=1", version:0, domain:baidu.com, path:/, expiry:Fri Jan 01 07:55:55 CST 2038] Illegal 'domain' attribute "baidu.com". Domain of origin: "aip.baidubce.com"
2020-01-31 23:06:50 [WARN] - Cookie rejected [BAIDUID="3422874D890571F54A6431E0C023FFAD:FG=1", version:0, domain:baidu.com, path:/, expiry:Fri Jan 01 07:55:55 CST 2038] Illegal 'domain' attribute "baidu.com". Domain of origin: "aip.baidubce.com"
2020-01-31 23:07:18 [WARN] - Cookie rejected [BAIDUID="0B734A3791B216437FFD37305194B433:FG=1", version:0, domain:baidu.com, path:/, expiry:Sat Jan 30 23:05:37 CST 2021] Illegal 'domain' attribute "baidu.com". Domain of origin: "aip.baidubce.com"
2020-01-31 23:07:18 [WARN] - Cookie rejected [BAIDUID="07E81A308FDA71F64C11C614E41A3C28:FG=1", version:0, domain:baidu.com, path:/, expiry:Fri Jan 01 07:55:55 CST 2038] Illegal 'domain' attribute "baidu.com". Domain of origin: "aip.baidubce.com"
2020-01-31 23:07:18 [WARN] - Cookie rejected [BAIDUID="07E81A308FDA71F669EB52C7A8BE2D98:FG=1", version:0, domain:baidu.com, path:/, expiry:Fri Jan 01 07:55:55 CST 2038] Illegal 'domain' attribute "baidu.com". Domain of origin: "aip.baidubce.com"
2020-01-31 23:07:46 [WARN] - Cookie rejected [BAIDUID="71E7CB688A50BB07AFF76F3EE6F7BA9C:FG=1", version:0, domain:baidu.com, path:/, expiry:Sat Jan 30 23:06:05 CST 2021] Illegal 'domain' attribute "baidu.com". Domain of origin: "aip.baidubce.com"
2020-01-31 23:07:46 [WARN] - Cookie rejected [BAIDUID="270AE23A289B029BCA0F0B0E770B6A8D:FG=1", version:0, domain:baidu.com, path:/, expiry:Fri Jan 01 07:55:55 CST 2038] Illegal 'domain' attribute "baidu.com". Domain of origin: "aip.baidubce.com"
2020-01-31 23:07:46 [WARN] - Cookie rejected [BAIDUID="270AE23A289B029BE017FCE86D0AC9A4:FG=1", version:0, domain:baidu.com, path:/, expiry:Fri Jan 01 07:55:55 CST 2038] Illegal 'domain' attribute "baidu.com". Domain of origin: "aip.baidubce.com"
2020-01-31 23:08:00 [WARN] - Cookie rejected [BAIDUID="87DE01DBF99CA5CEB8DAFC1FD5E10C18:FG=1", version:0, domain:baidu.com, path:/, expiry:Sat Jan 30 23:06:20 CST 2021] Illegal 'domain' attribute "baidu.com". Domain of origin: "aip.baidubce.com"
2020-01-31 23:08:00 [WARN] - Cookie rejected [BAIDUID="F06D53BD34AE183D36408B1DD0119B7D:FG=1", version:0, domain:baidu.com, path:/, expiry:Fri Jan 01 07:55:55 CST 2038] Illegal 'domain' attribute "baidu.com". Domain of origin: "aip.baidubce.com"
2020-01-31 23:08:00 [WARN] - Cookie rejected [BAIDUID="F06D53BD34AE183D5FB4B73A673F60ED:FG=1", version:0, domain:baidu.com, path:/, expiry:Fri Jan 01 07:55:55 CST 2038] Illegal 'domain' attribute "baidu.com". Domain of origin: "aip.baidubce.com"
2020-01-31 23:08:14 [WARN] - Cookie rejected [BAIDUID="8E04422D32AAD732A8C2C10F04C4DD81:FG=1", version:0, domain:baidu.com, path:/, expiry:Sat Jan 30 23:06:33 CST 2021] Illegal 'domain' attribute "baidu.com". Domain of origin: "aip.baidubce.com"
2020-01-31 23:08:14 [WARN] - Cookie rejected [BAIDUID="988D2E9FB9A44A40E1C18D83FA9188BA:FG=1", version:0, domain:baidu.com, path:/, expiry:Fri Jan 01 07:55:55 CST 2038] Illegal 'domain' attribute "baidu.com". Domain of origin: "aip.baidubce.com"
2020-01-31 23:08:14 [WARN] - Cookie rejected [BAIDUID="CC9BA589A8F4F0C1C38D18747224ADA3:FG=1", version:0, domain:baidu.com, path:/, expiry:Fri Jan 01 07:55:55 CST 2038] Illegal 'domain' attribute "baidu.com". Domain of origin: "aip.baidubce.com"
2020-01-31 23:08:32 [WARN] - Cookie rejected [BAIDUID="79AA4382E1D91F750E0916CCFFFA6207:FG=1", version:0, domain:baidu.com, path:/, expiry:Sat Jan 30 23:06:51 CST 2021] Illegal 'domain' attribute "baidu.com". Domain of origin: "aip.baidubce.com"
2020-01-31 23:08:32 [WARN] - Cookie rejected [BAIDUID="9A5C4D700712CE334FEA6F7AA967021F:FG=1", version:0, domain:baidu.com, path:/, expiry:Fri Jan 01 07:55:55 CST 2038] Illegal 'domain' attribute "baidu.com". Domain of origin: "aip.baidubce.com"
2020-01-31 23:08:32 [WARN] - Cookie rejected [BAIDUID="70FFBE0D9F660D23930EF0F03F5CFD25:FG=1", version:0, domain:baidu.com, path:/, expiry:Fri Jan 01 07:55:55 CST 2038] Illegal 'domain' attribute "baidu.com". Domain of origin: "aip.baidubce.com"
2020-01-31 23:09:25 [WARN] - Cookie rejected [BAIDUID="C1E586DBCB1DA9BE4DBF110F78B0EE6A:FG=1", version:0, domain:baidu.com, path:/, expiry:Sat Jan 30 23:07:45 CST 2021] Illegal 'domain' attribute "baidu.com". Domain of origin: "aip.baidubce.com"
2020-01-31 23:09:25 [WARN] - Cookie rejected [BAIDUID="965577630066A743990F9267390F2C06:FG=1", version:0, domain:baidu.com, path:/, expiry:Fri Jan 01 07:55:55 CST 2038] Illegal 'domain' attribute "baidu.com". Domain of origin: "aip.baidubce.com"
2020-01-31 23:09:25 [WARN] - Cookie rejected [BAIDUID="965577630066A743C872C802C08D2663:FG=1", version:0, domain:baidu.com, path:/, expiry:Fri Jan 01 07:55:55 CST 2038] Illegal 'domain' attribute "baidu.com". Domain of origin: "aip.baidubce.com"
2020-01-31 23:10:07 [WARN] - Cookie rejected [BAIDUID="834B0DEC7CF852BCAF79E0EF2BA8F76F:FG=1", version:0, domain:baidu.com, path:/, expiry:Sat Jan 30 23:08:27 CST 2021] Illegal 'domain' attribute "baidu.com". Domain of origin: "aip.baidubce.com"
2020-01-31 23:10:07 [WARN] - Cookie rejected [BAIDUID="C3040275BC97994F0895C26FD2C10504:FG=1", version:0, domain:baidu.com, path:/, expiry:Fri Jan 01 07:55:55 CST 2038] Illegal 'domain' attribute "baidu.com". Domain of origin: "aip.baidubce.com"
2020-01-31 23:10:07 [WARN] - Cookie rejected [BAIDUID="C3040275BC97994F325EAE1F2F94C8EF:FG=1", version:0, domain:baidu.com, path:/, expiry:Fri Jan 01 07:55:55 CST 2038] Illegal 'domain' attribute "baidu.com". Domain of origin: "aip.baidubce.com"
2020-01-31 23:10:19 [WARN] - Cookie rejected [BAIDUID="22BD89B595CFA85C191399730091B6A8:FG=1", version:0, domain:baidu.com, path:/, expiry:Sat Jan 30 23:08:39 CST 2021] Illegal 'domain' attribute "baidu.com". Domain of origin: "aip.baidubce.com"
2020-01-31 23:10:19 [WARN] - Cookie rejected [BAIDUID="DDECE9E6AB3CBBB57E288C883D16476F:FG=1", version:0, domain:baidu.com, path:/, expiry:Fri Jan 01 07:55:55 CST 2038] Illegal 'domain' attribute "baidu.com". Domain of origin: "aip.baidubce.com"
2020-01-31 23:10:19 [WARN] - Cookie rejected [BAIDUID="DDECE9E6AB3CBBB5FED5DD2E7ED188BC:FG=1", version:0, domain:baidu.com, path:/, expiry:Fri Jan 01 07:55:55 CST 2038] Illegal 'domain' attribute "baidu.com". Domain of origin: "aip.baidubce.com"
2020-01-31 23:19:20 [WARN] - Cookie rejected [BAIDUID="D70122AE0B6FA4DF3AE29DA023B582BD:FG=1", version:0, domain:baidu.com, path:/, expiry:Sat Jan 30 23:17:40 CST 2021] Illegal 'domain' attribute "baidu.com". Domain of origin: "aip.baidubce.com"
2020-01-31 23:19:20 [WARN] - Cookie rejected [BAIDUID="DDA27E63D74472C57087C11D7845AA36:FG=1", version:0, domain:baidu.com, path:/, expiry:Fri Jan 01 07:55:55 CST 2038] Illegal 'domain' attribute "baidu.com". Domain of origin: "aip.baidubce.com"
2020-01-31 23:19:20 [WARN] - Cookie rejected [BAIDUID="DDA27E63D74472C52F052D221B91973E:FG=1", version:0, domain:baidu.com, path:/, expiry:Fri Jan 01 07:55:55 CST 2038] Illegal 'domain' attribute "baidu.com". Domain of origin: "aip.baidubce.com"
2020-01-31 23:20:06 [WARN] - Cookie rejected [BAIDUID="D3EFEAF9A7ED38997C8BF898B88DD1DB:FG=1", version:0, domain:baidu.com, path:/, expiry:Sat Jan 30 23:18:25 CST 2021] Illegal 'domain' attribute "baidu.com". Domain of origin: "aip.baidubce.com"
2020-01-31 23:20:06 [WARN] - Cookie rejected [BAIDUID="6CD3D4EDAECB9A53F801942D26E2C5A5:FG=1", version:0, domain:baidu.com, path:/, expiry:Fri Jan 01 07:55:55 CST 2038] Illegal 'domain' attribute "baidu.com". Domain of origin: "aip.baidubce.com"
2020-01-31 23:20:06 [WARN] - Cookie rejected [BAIDUID="6CD3D4EDAECB9A53A9D67BB625046477:FG=1", version:0, domain:baidu.com, path:/, expiry:Fri Jan 01 07:55:55 CST 2038] Illegal 'domain' attribute "baidu.com". Domain of origin: "aip.baidubce.com"
2020-01-31 23:20:49 [WARN] - Cookie rejected [BAIDUID="7F779505CD56EA29FD977B1864BAFE97:FG=1", version:0, domain:baidu.com, path:/, expiry:Sat Jan 30 23:19:08 CST 2021] Illegal 'domain' attribute "baidu.com". Domain of origin: "aip.baidubce.com"
2020-01-31 23:20:49 [WARN] - Cookie rejected [BAIDUID="B0A9011B6C0389925F3016084BA50274:FG=1", version:0, domain:baidu.com, path:/, expiry:Fri Jan 01 07:55:55 CST 2038] Illegal 'domain' attribute "baidu.com". Domain of origin: "aip.baidubce.com"
2020-01-31 23:20:49 [WARN] - Cookie rejected [BAIDUID="B0A9011B6C0389928F27341760B4FDEA:FG=1", version:0, domain:baidu.com, path:/, expiry:Fri Jan 01 07:55:55 CST 2038] Illegal 'domain' attribute "baidu.com". Domain of origin: "aip.baidubce.com"
2020-01-31 23:22:35 [WARN] - Cookie rejected [BAIDUID="D86F0CC3CF24F6BF9466B7015C56430E:FG=1", version:0, domain:baidu.com, path:/, expiry:Sat Jan 30 23:20:55 CST 2021] Illegal 'domain' attribute "baidu.com". Domain of origin: "aip.baidubce.com"
2020-01-31 23:22:35 [WARN] - Cookie rejected [BAIDUID="E2074A34427A8BADF734E154E54C5803:FG=1", version:0, domain:baidu.com, path:/, expiry:Fri Jan 01 07:55:55 CST 2038] Illegal 'domain' attribute "baidu.com". Domain of origin: "aip.baidubce.com"
2020-01-31 23:22:35 [WARN] - Cookie rejected [BAIDUID="A53ECCFCD28988FE4D1DE05C0908D32D:FG=1", version:0, domain:baidu.com, path:/, expiry:Fri Jan 01 07:55:55 CST 2038] Illegal 'domain' attribute "baidu.com". Domain of origin: "aip.baidubce.com"
2020-01-31 23:24:47 [WARN] - Cookie rejected [BAIDUID="C72640BB5D3D288315272F866E46EAA9:FG=1", version:0, domain:baidu.com, path:/, expiry:Sat Jan 30 23:23:07 CST 2021] Illegal 'domain' attribute "baidu.com". Domain of origin: "aip.baidubce.com"
2020-01-31 23:24:47 [WARN] - Cookie rejected [BAIDUID="EDC4B31229B4844FAA7576EBA19E93E3:FG=1", version:0, domain:baidu.com, path:/, expiry:Fri Jan 01 07:55:55 CST 2038] Illegal 'domain' attribute "baidu.com". Domain of origin: "aip.baidubce.com"
2020-01-31 23:24:47 [WARN] - Cookie rejected [BAIDUID="EDC4B31229B4844F76CBA08EF5919019:FG=1", version:0, domain:baidu.com, path:/, expiry:Fri Jan 01 07:55:55 CST 2038] Illegal 'domain' attribute "baidu.com". Domain of origin: "aip.baidubce.com"
2020-01-31 23:24:58 [WARN] - Cookie rejected [BAIDUID="6E9758BABD172D4F7E2EFA5A5A427482:FG=1", version:0, domain:baidu.com, path:/, expiry:Sat Jan 30 23:23:18 CST 2021] Illegal 'domain' attribute "baidu.com". Domain of origin: "aip.baidubce.com"
2020-01-31 23:24:58 [WARN] - Cookie rejected [BAIDUID="49DE26B814862FDC2BC5FCB2B059C249:FG=1", version:0, domain:baidu.com, path:/, expiry:Fri Jan 01 07:55:55 CST 2038] Illegal 'domain' attribute "baidu.com". Domain of origin: "aip.baidubce.com"
2020-01-31 23:24:58 [WARN] - Cookie rejected [BAIDUID="A09A84088995DC83903C30ED4FE7F41E:FG=1", version:0, domain:baidu.com, path:/, expiry:Fri Jan 01 07:55:55 CST 2038] Illegal 'domain' attribute "baidu.com". Domain of origin: "aip.baidubce.com"
2020-01-31 23:26:12 [WARN] - Cookie rejected [BAIDUID="7E92739A1CED67D7ABFF0523FF1184ED:FG=1", version:0, domain:baidu.com, path:/, expiry:Sat Jan 30 23:24:31 CST 2021] Illegal 'domain' attribute "baidu.com". Domain of origin: "aip.baidubce.com"
2020-01-31 23:26:12 [WARN] - Cookie rejected [BAIDUID="58D2AE904D435FECAAE96F4598B2DEF9:FG=1", version:0, domain:baidu.com, path:/, expiry:Fri Jan 01 07:55:55 CST 2038] Illegal 'domain' attribute "baidu.com". Domain of origin: "aip.baidubce.com"
2020-01-31 23:26:12 [WARN] - Cookie rejected [BAIDUID="58D2AE904D435FECD4604E74754B0686:FG=1", version:0, domain:baidu.com, path:/, expiry:Fri Jan 01 07:55:55 CST 2038] Illegal 'domain' attribute "baidu.com". Domain of origin: "aip.baidubce.com"
2020-01-31 23:26:40 [WARN] - Cookie rejected [BAIDUID="F96C067D1DE06885170A7AB85B5B638A:FG=1", version:0, domain:baidu.com, path:/, expiry:Sat Jan 30 23:25:00 CST 2021] Illegal 'domain' attribute "baidu.com". Domain of origin: "aip.baidubce.com"
2020-01-31 23:26:40 [WARN] - Cookie rejected [BAIDUID="13EEB369AC3A6F7C81212B022E5D385C:FG=1", version:0, domain:baidu.com, path:/, expiry:Fri Jan 01 07:55:55 CST 2038] Illegal 'domain' attribute "baidu.com". Domain of origin: "aip.baidubce.com"
2020-01-31 23:26:40 [WARN] - Cookie rejected [BAIDUID="13EEB369AC3A6F7CCD1CE662F5BF31FA:FG=1", version:0, domain:baidu.com, path:/, expiry:Fri Jan 01 07:55:55 CST 2038] Illegal 'domain' attribute "baidu.com". Domain of origin: "aip.baidubce.com"
2020-01-31 23:27:38 [WARN] - Cookie rejected [BAIDUID="E31A6659D56AF0D745EA24EBF87F3FD9:FG=1", version:0, domain:baidu.com, path:/, expiry:Sat Jan 30 23:25:57 CST 2021] Illegal 'domain' attribute "baidu.com". Domain of origin: "aip.baidubce.com"
2020-01-31 23:27:38 [WARN] - Cookie rejected [BAIDUID="7EC819B7062B6A76DD2F6F8A8FB8BF8B:FG=1", version:0, domain:baidu.com, path:/, expiry:Fri Jan 01 07:55:55 CST 2038] Illegal 'domain' attribute "baidu.com". Domain of origin: "aip.baidubce.com"
2020-01-31 23:27:38 [WARN] - Cookie rejected [BAIDUID="CF583813E7817FB2824E610A260EA7DA:FG=1", version:0, domain:baidu.com, path:/, expiry:Fri Jan 01 07:55:55 CST 2038] Illegal 'domain' attribute "baidu.com". Domain of origin: "aip.baidubce.com"
