2020-01-14 08:11:58 [INFO] - Shutting down ExecutorService 'applicationTaskExecutor'
2020-01-14 08:11:58 [INFO] - Closing JPA EntityManagerFactory for persistence unit 'default'
2020-01-14 08:11:58 [INFO] - {dataSource-1} closed
2020-01-14 08:12:45 [INFO] - HV000001: Hibernate Validator 6.0.17.Final
2020-01-14 08:12:46 [INFO] - Starting AdminConsoleApplication on WIN-CDI45048L28 with PID 9344 (F:\workspace\code\git2020-1\spring-boot-plus2\admin-console\target\classes started by Administrator in F:\workspace\code\git2020-1\spring-boot-plus2)
2020-01-14 08:12:46 [INFO] - The following profiles are active: dev
2020-01-14 08:12:47 [INFO] - Bootstrapping Spring Data repositories in DEFAULT mode.
2020-01-14 08:12:48 [INFO] - Finished Spring Data repository scanning in 145ms. Found 8 repository interfaces.
2020-01-14 08:12:48 [INFO] - Bean 'org.springframework.transaction.annotation.ProxyTransactionManagementConfiguration' of type [org.springframework.transaction.annotation.ProxyTransactionManagementConfiguration$$EnhancerBySpringCGLIB$$4bc96664] is not eligible for getting processed by all BeanPostProcessors (for example: not eligible for auto-proxying)
2020-01-14 08:12:49 [INFO] - Tomcat initialized with port(s): 8080 (http)
2020-01-14 08:12:49 [INFO] - Root WebApplicationContext: initialization completed in 2615 ms
2020-01-14 08:12:49 [INFO] - Servlet statViewServlet was not registered (possibly already registered?)
2020-01-14 08:12:49 [INFO] - Init DruidDataSource
2020-01-14 08:12:49 [INFO] - {dataSource-1} inited
2020-01-14 08:12:50 [INFO] - HHH000204: Processing PersistenceUnitInfo [
	name: default
	...]
2020-01-14 08:12:50 [INFO] - HHH000412: Hibernate Core {5.3.10.Final}
2020-01-14 08:12:50 [INFO] - HHH000206: hibernate.properties not found
2020-01-14 08:12:50 [INFO] - HCANN000001: Hibernate Commons Annotations {5.0.4.Final}
2020-01-14 08:12:50 [INFO] - HHH000400: Using dialect: org.hibernate.dialect.MySQL5Dialect
2020-01-14 08:12:51 [INFO] - Initialized JPA EntityManagerFactory for persistence unit 'default'
2020-01-14 08:12:53 [INFO] - Initializing ExecutorService 'applicationTaskExecutor'
2020-01-14 08:12:53 [WARN] - spring.jpa.open-in-view is enabled by default. Therefore, database queries may be performed during view rendering. Explicitly configure spring.jpa.open-in-view to disable this warning
2020-01-14 08:12:53 [INFO] - Adding welcome page template: index
2020-01-14 08:12:53 [WARN] - [THYMELEAF][main] Template Mode 'LEGACYHTML5' is deprecated. Using Template Mode 'HTML' instead.
2020-01-14 08:12:53 [INFO] - Tomcat started on port(s): 8080 (http) with context path ''
2020-01-14 08:12:53 [INFO] - Started AdminConsoleApplication in 8.425 seconds (JVM running for 10.046)
2020-01-14 08:13:08 [INFO] - Initializing Servlet 'dispatcherServlet'
2020-01-14 08:13:08 [INFO] - Completed initialization in 15 ms
2020-01-14 08:14:04 [INFO] - URL:[/userAdmin/login] -----> REQUEST:[[1720696548, 123456]]
2020-01-14 08:14:05 [INFO] - HHH000397: Using ASTQueryTranslatorFactory
2020-01-14 08:14:05 [INFO] - URL:[/menuAdmin/menuTree] -----> REQUEST:[[null]]
2020-01-14 08:14:07 [INFO] - URL:[/userAdmin/findAll/1] -----> REQUEST:[[1, 1, 10, null, null]]
2020-01-14 08:14:19 [INFO] - URL:[/menuAdmin/menuTree] -----> REQUEST:[[null]]
2020-01-14 08:14:24 [INFO] - URL:[/userAdmin/findAll/1] -----> REQUEST:[[1, 1, 10, null, null]]
2020-01-14 08:14:42 [INFO] - URL:[/menuAdmin/findAll/1] -----> REQUEST:[[1, null, null]]
2020-01-14 08:14:48 [INFO] - URL:[/dictionaryAdmin/findByType] -----> REQUEST:[[root]]
2020-01-14 08:14:50 [INFO] - URL:[/dictionaryAdmin/findAll] -----> REQUEST:[[1, 10, null]]
2020-01-14 08:15:05 [INFO] - URL:[/dictionaryAdmin/findAll] -----> REQUEST:[[1, 10, root]]
2020-01-14 08:15:22 [WARN] - Skipping URI variable 'type' because request contains bind value with same name.
2020-01-14 08:15:54 [INFO] - URL:[/dictionaryAdmin/save/1] -----> REQUEST:[[1, DictionaryAdmin(desc=<script>alert('sss')</script> , id=8, key=8, type=root, value=6, name=null)]]
2020-01-14 08:16:04 [INFO] - URL:[/dictionaryAdmin/findAll] -----> REQUEST:[[1, 10, root]]
2020-01-14 08:16:13 [INFO] - URL:[/dictionaryAdmin/findByType] -----> REQUEST:[[root]]
2020-01-14 08:16:14 [INFO] - URL:[/dictionaryAdmin/findAll] -----> REQUEST:[[1, 10, null]]
2020-01-14 08:16:24 [INFO] - URL:[/dictionaryAdmin/delete] -----> REQUEST:[[[8]]]
2020-01-14 08:16:33 [INFO] - URL:[/dictionaryAdmin/findAll] -----> REQUEST:[[1, 10, root]]
2020-01-14 08:16:57 [WARN] - Skipping URI variable 'type' because request contains bind value with same name.
2020-01-14 08:19:08 [INFO] - URL:[/dictionaryAdmin/save/1] -----> REQUEST:[[1, DictionaryAdmin(desc=xss攻击测试, id=9, key=666, type=root, value=<script>alert('sss')</script> , name=null)]]
2020-01-14 08:19:08 [INFO] - URL:[/dictionaryAdmin/findAll] -----> REQUEST:[[1, 10, root]]
2020-01-14 08:19:08 [INFO] - Shutting down ExecutorService 'applicationTaskExecutor'
2020-01-14 08:19:08 [INFO] - Closing JPA EntityManagerFactory for persistence unit 'default'
2020-01-14 08:19:08 [INFO] - {dataSource-1} closed
2020-01-14 08:19:16 [INFO] - HV000001: Hibernate Validator 6.0.17.Final
2020-01-14 08:19:17 [INFO] - Starting AdminConsoleApplication on WIN-CDI45048L28 with PID 4544 (F:\workspace\code\git2020-1\spring-boot-plus2\admin-console\target\classes started by Administrator in F:\workspace\code\git2020-1\spring-boot-plus2)
2020-01-14 08:19:17 [INFO] - The following profiles are active: dev
2020-01-14 08:19:18 [INFO] - Bootstrapping Spring Data repositories in DEFAULT mode.
2020-01-14 08:19:18 [INFO] - Finished Spring Data repository scanning in 158ms. Found 8 repository interfaces.
2020-01-14 08:19:19 [INFO] - Bean 'org.springframework.transaction.annotation.ProxyTransactionManagementConfiguration' of type [org.springframework.transaction.annotation.ProxyTransactionManagementConfiguration$$EnhancerBySpringCGLIB$$b635838a] is not eligible for getting processed by all BeanPostProcessors (for example: not eligible for auto-proxying)
2020-01-14 08:19:19 [INFO] - Tomcat initialized with port(s): 8080 (http)
2020-01-14 08:19:20 [INFO] - Root WebApplicationContext: initialization completed in 2687 ms
2020-01-14 08:19:20 [INFO] - Servlet statViewServlet was not registered (possibly already registered?)
2020-01-14 08:19:20 [INFO] - Init DruidDataSource
2020-01-14 08:19:20 [INFO] - {dataSource-1} inited
2020-01-14 08:19:21 [INFO] - HHH000204: Processing PersistenceUnitInfo [
	name: default
	...]
2020-01-14 08:19:21 [INFO] - HHH000412: Hibernate Core {5.3.10.Final}
2020-01-14 08:19:21 [INFO] - HHH000206: hibernate.properties not found
2020-01-14 08:19:21 [INFO] - HCANN000001: Hibernate Commons Annotations {5.0.4.Final}
2020-01-14 08:19:21 [INFO] - HHH000400: Using dialect: org.hibernate.dialect.MySQL5Dialect
2020-01-14 08:19:22 [INFO] - Initialized JPA EntityManagerFactory for persistence unit 'default'
2020-01-14 08:19:23 [INFO] - Initializing ExecutorService 'applicationTaskExecutor'
2020-01-14 08:19:23 [WARN] - spring.jpa.open-in-view is enabled by default. Therefore, database queries may be performed during view rendering. Explicitly configure spring.jpa.open-in-view to disable this warning
2020-01-14 08:19:24 [INFO] - Adding welcome page template: index
2020-01-14 08:19:24 [WARN] - [THYMELEAF][main] Template Mode 'LEGACYHTML5' is deprecated. Using Template Mode 'HTML' instead.
2020-01-14 08:19:24 [INFO] - Tomcat started on port(s): 8080 (http) with context path ''
2020-01-14 08:19:24 [INFO] - Started AdminConsoleApplication in 8.189 seconds (JVM running for 9.955)
2020-01-14 08:19:32 [INFO] - Initializing Servlet 'dispatcherServlet'
2020-01-14 08:19:32 [INFO] - Completed initialization in 14 ms
2020-01-14 08:20:30 [INFO] - URL:[/userAdmin/login] -----> REQUEST:[[1720696548, args[i] instanceof String &amp;&amp; ]]
2020-01-14 08:20:48 [INFO] - URL:[/userAdmin/login] -----> REQUEST:[[1720696548, &lt;script&gt;alert('sss')&lt;/script&gt;]]
2020-01-14 08:20:55 [INFO] - URL:[/userAdmin/login] -----> REQUEST:[[1720696548, 123456]]
2020-01-14 08:21:21 [INFO] - Shutting down ExecutorService 'applicationTaskExecutor'
2020-01-14 08:21:21 [INFO] - Closing JPA EntityManagerFactory for persistence unit 'default'
2020-01-14 08:21:21 [INFO] - {dataSource-1} closed
2020-01-14 08:21:28 [INFO] - HV000001: Hibernate Validator 6.0.17.Final
2020-01-14 08:21:29 [INFO] - Starting AdminConsoleApplication on WIN-CDI45048L28 with PID 9800 (F:\workspace\code\git2020-1\spring-boot-plus2\admin-console\target\classes started by Administrator in F:\workspace\code\git2020-1\spring-boot-plus2)
2020-01-14 08:21:29 [INFO] - The following profiles are active: dev
2020-01-14 08:21:31 [INFO] - Bootstrapping Spring Data repositories in DEFAULT mode.
2020-01-14 08:21:31 [INFO] - Finished Spring Data repository scanning in 158ms. Found 8 repository interfaces.
2020-01-14 08:21:31 [INFO] - Bean 'org.springframework.transaction.annotation.ProxyTransactionManagementConfiguration' of type [org.springframework.transaction.annotation.ProxyTransactionManagementConfiguration$$EnhancerBySpringCGLIB$$4d8720cb] is not eligible for getting processed by all BeanPostProcessors (for example: not eligible for auto-proxying)
2020-01-14 08:21:32 [INFO] - Tomcat initialized with port(s): 8080 (http)
2020-01-14 08:21:32 [INFO] - Root WebApplicationContext: initialization completed in 2540 ms
2020-01-14 08:21:32 [INFO] - Servlet statViewServlet was not registered (possibly already registered?)
2020-01-14 08:21:32 [INFO] - Init DruidDataSource
2020-01-14 08:21:32 [INFO] - {dataSource-1} inited
2020-01-14 08:21:33 [INFO] - HHH000204: Processing PersistenceUnitInfo [
	name: default
	...]
2020-01-14 08:21:33 [INFO] - HHH000412: Hibernate Core {5.3.10.Final}
2020-01-14 08:21:33 [INFO] - HHH000206: hibernate.properties not found
2020-01-14 08:21:33 [INFO] - HCANN000001: Hibernate Commons Annotations {5.0.4.Final}
2020-01-14 08:21:34 [INFO] - HHH000400: Using dialect: org.hibernate.dialect.MySQL5Dialect
2020-01-14 08:21:34 [INFO] - Initialized JPA EntityManagerFactory for persistence unit 'default'
2020-01-14 08:21:36 [INFO] - Initializing ExecutorService 'applicationTaskExecutor'
2020-01-14 08:21:36 [WARN] - spring.jpa.open-in-view is enabled by default. Therefore, database queries may be performed during view rendering. Explicitly configure spring.jpa.open-in-view to disable this warning
2020-01-14 08:21:36 [INFO] - Adding welcome page template: index
2020-01-14 08:21:36 [WARN] - [THYMELEAF][main] Template Mode 'LEGACYHTML5' is deprecated. Using Template Mode 'HTML' instead.
2020-01-14 08:21:36 [INFO] - Tomcat started on port(s): 8080 (http) with context path ''
2020-01-14 08:21:36 [INFO] - Started AdminConsoleApplication in 8.017 seconds (JVM running for 9.61)
2020-01-14 08:21:43 [INFO] - Initializing Servlet 'dispatcherServlet'
2020-01-14 08:21:43 [INFO] - Completed initialization in 13 ms
2020-01-14 08:21:53 [INFO] - URL:[/userAdmin/login] -----> REQUEST:[[1720696548, 123456]]
2020-01-14 08:21:54 [INFO] - HHH000397: Using ASTQueryTranslatorFactory
2020-01-14 08:21:54 [INFO] - URL:[/menuAdmin/menuTree] -----> REQUEST:[[null]]
2020-01-14 08:21:57 [INFO] - URL:[/userAdmin/findAll/1] -----> REQUEST:[[1, 1, 10, null, null]]
2020-01-14 08:22:08 [INFO] - URL:[/dictionaryAdmin/findByType] -----> REQUEST:[[root]]
2020-01-14 08:22:28 [INFO] - URL:[/dictionaryAdmin/findAll] -----> REQUEST:[[1, 10, null]]
2020-01-14 08:22:36 [INFO] - URL:[/dictionaryAdmin/delete] -----> REQUEST:[[[9]]]
2020-01-14 08:23:08 [INFO] - Shutting down ExecutorService 'applicationTaskExecutor'
2020-01-14 08:23:08 [INFO] - Closing JPA EntityManagerFactory for persistence unit 'default'
2020-01-14 08:23:08 [INFO] - {dataSource-1} closed
2020-01-14 08:23:17 [INFO] - HV000001: Hibernate Validator 6.0.17.Final
2020-01-14 08:23:17 [INFO] - Starting AdminConsoleApplication on WIN-CDI45048L28 with PID 14812 (F:\workspace\code\git2020-1\spring-boot-plus2\admin-console\target\classes started by Administrator in F:\workspace\code\git2020-1\spring-boot-plus2)
2020-01-14 08:23:17 [INFO] - The following profiles are active: dev
2020-01-14 08:23:19 [INFO] - Bootstrapping Spring Data repositories in DEFAULT mode.
2020-01-14 08:23:19 [INFO] - Finished Spring Data repository scanning in 158ms. Found 8 repository interfaces.
2020-01-14 08:23:19 [INFO] - Bean 'org.springframework.transaction.annotation.ProxyTransactionManagementConfiguration' of type [org.springframework.transaction.annotation.ProxyTransactionManagementConfiguration$$EnhancerBySpringCGLIB$$37dc5a25] is not eligible for getting processed by all BeanPostProcessors (for example: not eligible for auto-proxying)
2020-01-14 08:23:20 [INFO] - Tomcat initialized with port(s): 8080 (http)
2020-01-14 08:23:20 [INFO] - Root WebApplicationContext: initialization completed in 2562 ms
2020-01-14 08:23:20 [INFO] - Servlet statViewServlet was not registered (possibly already registered?)
2020-01-14 08:23:20 [INFO] - Init DruidDataSource
2020-01-14 08:23:20 [INFO] - {dataSource-1} inited
2020-01-14 08:23:21 [INFO] - HHH000204: Processing PersistenceUnitInfo [
	name: default
	...]
2020-01-14 08:23:21 [INFO] - HHH000412: Hibernate Core {5.3.10.Final}
2020-01-14 08:23:21 [INFO] - HHH000206: hibernate.properties not found
2020-01-14 08:23:21 [INFO] - HCANN000001: Hibernate Commons Annotations {5.0.4.Final}
2020-01-14 08:23:22 [INFO] - HHH000400: Using dialect: org.hibernate.dialect.MySQL5Dialect
2020-01-14 08:23:23 [INFO] - Initialized JPA EntityManagerFactory for persistence unit 'default'
2020-01-14 08:23:24 [INFO] - Initializing ExecutorService 'applicationTaskExecutor'
2020-01-14 08:23:24 [WARN] - spring.jpa.open-in-view is enabled by default. Therefore, database queries may be performed during view rendering. Explicitly configure spring.jpa.open-in-view to disable this warning
2020-01-14 08:23:24 [INFO] - Adding welcome page template: index
2020-01-14 08:23:24 [WARN] - [THYMELEAF][main] Template Mode 'LEGACYHTML5' is deprecated. Using Template Mode 'HTML' instead.
2020-01-14 08:23:25 [INFO] - Tomcat started on port(s): 8080 (http) with context path ''
2020-01-14 08:23:25 [INFO] - Started AdminConsoleApplication in 8.058 seconds (JVM running for 9.683)
2020-01-14 08:23:28 [INFO] - Initializing Servlet 'dispatcherServlet'
2020-01-14 08:23:28 [INFO] - Completed initialization in 13 ms
2020-01-14 08:23:34 [INFO] - URL:[/userAdmin/login] -----> REQUEST:[[1720696548, 123456]]
2020-01-14 08:24:38 [INFO] - Shutting down ExecutorService 'applicationTaskExecutor'
2020-01-14 08:24:38 [INFO] - Closing JPA EntityManagerFactory for persistence unit 'default'
2020-01-14 08:24:38 [INFO] - {dataSource-1} closed
2020-01-14 08:24:47 [INFO] - HV000001: Hibernate Validator 6.0.17.Final
2020-01-14 08:24:47 [INFO] - Starting AdminConsoleApplication on WIN-CDI45048L28 with PID 14536 (F:\workspace\code\git2020-1\spring-boot-plus2\admin-console\target\classes started by Administrator in F:\workspace\code\git2020-1\spring-boot-plus2)
2020-01-14 08:24:47 [INFO] - The following profiles are active: dev
2020-01-14 08:24:49 [INFO] - Bootstrapping Spring Data repositories in DEFAULT mode.
2020-01-14 08:24:49 [INFO] - Finished Spring Data repository scanning in 149ms. Found 8 repository interfaces.
2020-01-14 08:24:49 [INFO] - Bean 'org.springframework.transaction.annotation.ProxyTransactionManagementConfiguration' of type [org.springframework.transaction.annotation.ProxyTransactionManagementConfiguration$$EnhancerBySpringCGLIB$$5e440a6a] is not eligible for getting processed by all BeanPostProcessors (for example: not eligible for auto-proxying)
2020-01-14 08:24:50 [INFO] - Tomcat initialized with port(s): 8080 (http)
2020-01-14 08:24:50 [INFO] - Root WebApplicationContext: initialization completed in 2536 ms
2020-01-14 08:24:50 [INFO] - Servlet statViewServlet was not registered (possibly already registered?)
2020-01-14 08:24:50 [INFO] - Init DruidDataSource
2020-01-14 08:24:51 [INFO] - {dataSource-1} inited
2020-01-14 08:24:51 [INFO] - HHH000204: Processing PersistenceUnitInfo [
	name: default
	...]
2020-01-14 08:24:51 [INFO] - HHH000412: Hibernate Core {5.3.10.Final}
2020-01-14 08:24:51 [INFO] - HHH000206: hibernate.properties not found
2020-01-14 08:24:52 [INFO] - HCANN000001: Hibernate Commons Annotations {5.0.4.Final}
2020-01-14 08:24:52 [INFO] - HHH000400: Using dialect: org.hibernate.dialect.MySQL5Dialect
2020-01-14 08:24:53 [INFO] - Initialized JPA EntityManagerFactory for persistence unit 'default'
2020-01-14 08:24:54 [INFO] - Initializing ExecutorService 'applicationTaskExecutor'
2020-01-14 08:24:54 [WARN] - spring.jpa.open-in-view is enabled by default. Therefore, database queries may be performed during view rendering. Explicitly configure spring.jpa.open-in-view to disable this warning
2020-01-14 08:24:54 [INFO] - Adding welcome page template: index
2020-01-14 08:24:54 [WARN] - [THYMELEAF][main] Template Mode 'LEGACYHTML5' is deprecated. Using Template Mode 'HTML' instead.
2020-01-14 08:24:55 [INFO] - Tomcat started on port(s): 8080 (http) with context path ''
2020-01-14 08:24:55 [INFO] - Started AdminConsoleApplication in 8.396 seconds (JVM running for 10.17)
2020-01-14 08:25:01 [INFO] - Initializing Servlet 'dispatcherServlet'
2020-01-14 08:25:01 [INFO] - Completed initialization in 14 ms
2020-01-14 08:25:03 [INFO] - URL:[/userAdmin/login] -----> REQUEST:[[1720696548, 123456]]
2020-01-14 08:25:03 [INFO] - HHH000397: Using ASTQueryTranslatorFactory
2020-01-14 08:25:03 [INFO] - URL:[/menuAdmin/menuTree] -----> REQUEST:[[null]]
2020-01-14 08:25:03 [INFO] - URL:[/userAdmin/findAll/1] -----> REQUEST:[[1, 1, 10, null, null]]
2020-01-14 08:25:05 [INFO] - URL:[/dataBase/findTable] -----> REQUEST:[[]]
2020-01-14 08:25:05 [INFO] - URL:[/dataBase/findTableField] -----> REQUEST:[[null]]
2020-01-14 08:25:12 [INFO] - URL:[/dictionaryAdmin/findByType] -----> REQUEST:[[root]]
2020-01-14 08:25:14 [INFO] - URL:[/dictionaryAdmin/findAll] -----> REQUEST:[[1, 10, null]]
2020-01-14 08:33:55 [INFO] - Shutting down ExecutorService 'applicationTaskExecutor'
2020-01-14 08:33:55 [INFO] - Closing JPA EntityManagerFactory for persistence unit 'default'
2020-01-14 08:33:55 [INFO] - {dataSource-1} closed
2020-01-14 08:34:04 [INFO] - HV000001: Hibernate Validator 6.0.17.Final
2020-01-14 08:34:05 [INFO] - Starting AdminConsoleApplication on WIN-CDI45048L28 with PID 10248 (F:\workspace\code\git2020-1\spring-boot-plus2\admin-console\target\classes started by Administrator in F:\workspace\code\git2020-1\spring-boot-plus2)
2020-01-14 08:34:05 [INFO] - The following profiles are active: dev
2020-01-14 08:34:06 [INFO] - Bootstrapping Spring Data repositories in DEFAULT mode.
2020-01-14 08:34:06 [INFO] - Finished Spring Data repository scanning in 201ms. Found 8 repository interfaces.
2020-01-14 08:34:07 [INFO] - Bean 'org.springframework.transaction.annotation.ProxyTransactionManagementConfiguration' of type [org.springframework.transaction.annotation.ProxyTransactionManagementConfiguration$$EnhancerBySpringCGLIB$$79897f5b] is not eligible for getting processed by all BeanPostProcessors (for example: not eligible for auto-proxying)
2020-01-14 08:34:08 [INFO] - Tomcat initialized with port(s): 8080 (http)
2020-01-14 08:34:08 [INFO] - Root WebApplicationContext: initialization completed in 3017 ms
2020-01-14 08:34:08 [INFO] - Servlet statViewServlet was not registered (possibly already registered?)
2020-01-14 08:34:08 [INFO] - Init DruidDataSource
2020-01-14 08:34:08 [INFO] - {dataSource-1} inited
2020-01-14 08:34:09 [INFO] - HHH000204: Processing PersistenceUnitInfo [
	name: default
	...]
2020-01-14 08:34:09 [INFO] - HHH000412: Hibernate Core {5.3.10.Final}
2020-01-14 08:34:09 [INFO] - HHH000206: hibernate.properties not found
2020-01-14 08:34:10 [INFO] - HCANN000001: Hibernate Commons Annotations {5.0.4.Final}
2020-01-14 08:34:10 [INFO] - HHH000400: Using dialect: org.hibernate.dialect.MySQL5Dialect
2020-01-14 08:34:12 [INFO] - Initialized JPA EntityManagerFactory for persistence unit 'default'
2020-01-14 08:34:13 [INFO] - Initializing ExecutorService 'applicationTaskExecutor'
2020-01-14 08:34:13 [WARN] - spring.jpa.open-in-view is enabled by default. Therefore, database queries may be performed during view rendering. Explicitly configure spring.jpa.open-in-view to disable this warning
2020-01-14 08:34:13 [INFO] - Adding welcome page template: index
2020-01-14 08:34:13 [WARN] - [THYMELEAF][main] Template Mode 'LEGACYHTML5' is deprecated. Using Template Mode 'HTML' instead.
2020-01-14 08:34:13 [INFO] - Tomcat started on port(s): 8080 (http) with context path ''
2020-01-14 08:34:13 [INFO] - Started AdminConsoleApplication in 10.134 seconds (JVM running for 12.199)
2020-01-14 08:34:18 [INFO] - Shutting down ExecutorService 'applicationTaskExecutor'
2020-01-14 08:34:18 [INFO] - Closing JPA EntityManagerFactory for persistence unit 'default'
2020-01-14 08:34:18 [INFO] - {dataSource-1} closed
2020-01-14 08:34:27 [INFO] - HV000001: Hibernate Validator 6.0.17.Final
2020-01-14 08:34:28 [INFO] - Starting AdminConsoleApplication on WIN-CDI45048L28 with PID 4260 (F:\workspace\code\git2020-1\spring-boot-plus2\admin-console\target\classes started by Administrator in F:\workspace\code\git2020-1\spring-boot-plus2)
2020-01-14 08:34:28 [INFO] - The following profiles are active: dev
2020-01-14 08:34:30 [INFO] - Bootstrapping Spring Data repositories in DEFAULT mode.
2020-01-14 08:34:30 [INFO] - Finished Spring Data repository scanning in 370ms. Found 8 repository interfaces.
2020-01-14 08:34:31 [INFO] - Bean 'org.springframework.transaction.annotation.ProxyTransactionManagementConfiguration' of type [org.springframework.transaction.annotation.ProxyTransactionManagementConfiguration$$EnhancerBySpringCGLIB$$86d11ed0] is not eligible for getting processed by all BeanPostProcessors (for example: not eligible for auto-proxying)
2020-01-14 08:34:32 [INFO] - Tomcat initialized with port(s): 8080 (http)
2020-01-14 08:34:32 [INFO] - Root WebApplicationContext: initialization completed in 3743 ms
2020-01-14 08:34:32 [INFO] - Servlet statViewServlet was not registered (possibly already registered?)
2020-01-14 08:34:32 [INFO] - Init DruidDataSource
2020-01-14 08:34:32 [INFO] - {dataSource-1} inited
2020-01-14 08:34:33 [INFO] - HHH000204: Processing PersistenceUnitInfo [
	name: default
	...]
2020-01-14 08:34:33 [INFO] - HHH000412: Hibernate Core {5.3.10.Final}
2020-01-14 08:34:33 [INFO] - HHH000206: hibernate.properties not found
2020-01-14 08:34:34 [INFO] - HCANN000001: Hibernate Commons Annotations {5.0.4.Final}
2020-01-14 08:34:34 [INFO] - HHH000400: Using dialect: org.hibernate.dialect.MySQL5Dialect
2020-01-14 08:34:35 [INFO] - Initialized JPA EntityManagerFactory for persistence unit 'default'
2020-01-14 08:34:36 [INFO] - Initializing ExecutorService 'applicationTaskExecutor'
2020-01-14 08:34:36 [WARN] - spring.jpa.open-in-view is enabled by default. Therefore, database queries may be performed during view rendering. Explicitly configure spring.jpa.open-in-view to disable this warning
2020-01-14 08:34:36 [INFO] - Adding welcome page template: index
2020-01-14 08:34:36 [WARN] - [THYMELEAF][main] Template Mode 'LEGACYHTML5' is deprecated. Using Template Mode 'HTML' instead.
2020-01-14 08:34:37 [INFO] - Tomcat started on port(s): 8080 (http) with context path ''
2020-01-14 08:34:37 [INFO] - Started AdminConsoleApplication in 10.365 seconds (JVM running for 12.303)
2020-01-14 08:34:51 [INFO] - Shutting down ExecutorService 'applicationTaskExecutor'
2020-01-14 08:34:51 [INFO] - Closing JPA EntityManagerFactory for persistence unit 'default'
2020-01-14 08:34:51 [INFO] - {dataSource-1} closed
2020-01-14 08:35:00 [INFO] - HV000001: Hibernate Validator 6.0.17.Final
2020-01-14 08:35:00 [INFO] - Starting AdminConsoleApplication on WIN-CDI45048L28 with PID 2856 (F:\workspace\code\git2020-1\spring-boot-plus2\admin-console\target\classes started by Administrator in F:\workspace\code\git2020-1\spring-boot-plus2)
2020-01-14 08:35:00 [INFO] - The following profiles are active: dev
2020-01-14 08:35:02 [INFO] - Bootstrapping Spring Data repositories in DEFAULT mode.
2020-01-14 08:35:02 [INFO] - Finished Spring Data repository scanning in 204ms. Found 8 repository interfaces.
2020-01-14 08:35:02 [INFO] - Bean 'org.springframework.transaction.annotation.ProxyTransactionManagementConfiguration' of type [org.springframework.transaction.annotation.ProxyTransactionManagementConfiguration$$EnhancerBySpringCGLIB$$3b44ff73] is not eligible for getting processed by all BeanPostProcessors (for example: not eligible for auto-proxying)
2020-01-14 08:35:03 [INFO] - Tomcat initialized with port(s): 8080 (http)
2020-01-14 08:35:03 [INFO] - Root WebApplicationContext: initialization completed in 2650 ms
2020-01-14 08:35:03 [INFO] - Servlet statViewServlet was not registered (possibly already registered?)
2020-01-14 08:35:03 [INFO] - Init DruidDataSource
2020-01-14 08:35:04 [INFO] - {dataSource-1} inited
2020-01-14 08:35:05 [INFO] - HHH000204: Processing PersistenceUnitInfo [
	name: default
	...]
2020-01-14 08:35:05 [INFO] - HHH000412: Hibernate Core {5.3.10.Final}
2020-01-14 08:35:05 [INFO] - HHH000206: hibernate.properties not found
2020-01-14 08:35:05 [INFO] - HCANN000001: Hibernate Commons Annotations {5.0.4.Final}
2020-01-14 08:35:05 [INFO] - HHH000400: Using dialect: org.hibernate.dialect.MySQL5Dialect
2020-01-14 08:35:06 [INFO] - Initialized JPA EntityManagerFactory for persistence unit 'default'
2020-01-14 08:35:07 [INFO] - Initializing ExecutorService 'applicationTaskExecutor'
2020-01-14 08:35:07 [WARN] - spring.jpa.open-in-view is enabled by default. Therefore, database queries may be performed during view rendering. Explicitly configure spring.jpa.open-in-view to disable this warning
2020-01-14 08:35:07 [INFO] - Adding welcome page template: index
2020-01-14 08:35:07 [WARN] - [THYMELEAF][main] Template Mode 'LEGACYHTML5' is deprecated. Using Template Mode 'HTML' instead.
2020-01-14 08:35:08 [INFO] - Tomcat started on port(s): 8080 (http) with context path ''
2020-01-14 08:35:08 [INFO] - Started AdminConsoleApplication in 8.547 seconds (JVM running for 10.323)
2020-01-14 08:35:14 [INFO] - Initializing Servlet 'dispatcherServlet'
2020-01-14 08:35:14 [INFO] - Completed initialization in 19 ms
2020-01-14 08:35:41 [INFO] - URL:[/userAdmin/login] -----> REQUEST:[[1720696548, 123456]]
2020-01-14 08:35:43 [INFO] - HHH000397: Using ASTQueryTranslatorFactory
2020-01-14 08:35:43 [INFO] - URL:[/menuAdmin/menuTree] -----> REQUEST:[[null]]
2020-01-14 08:35:45 [INFO] - URL:[/userAdmin/findAll/1] -----> REQUEST:[[1, 1, 10, null, null]]
2020-01-14 08:35:55 [INFO] - URL:[/dictionaryAdmin/findByType] -----> REQUEST:[[root]]
2020-01-14 08:35:56 [INFO] - URL:[/dictionaryAdmin/findAll] -----> REQUEST:[[1, 10, null]]
2020-01-14 08:36:03 [INFO] - URL:[/dictionaryAdmin/findAll] -----> REQUEST:[[1, 10, root]]
2020-01-14 08:36:22 [WARN] - Skipping URI variable 'type' because request contains bind value with same name.
2020-01-14 08:37:02 [INFO] - URL:[/dictionaryAdmin/save/1] -----> REQUEST:[[1, DictionaryAdmin(desc=xss, id=null, key=666, type=root, value=&lt;script&gt;alert('sss')&lt;/script&gt;, name=null)]]
2020-01-14 08:37:07 [INFO] - URL:[/dictionaryAdmin/findAll] -----> REQUEST:[[1, 10, root]]
2020-01-14 08:37:21 [INFO] - URL:[/dictionaryAdmin/findByType] -----> REQUEST:[[root]]
2020-01-14 08:37:22 [INFO] - URL:[/dictionaryAdmin/findAll] -----> REQUEST:[[1, 10, null]]
2020-01-14 08:38:02 [INFO] - URL:[/dictionaryAdmin/findAll] -----> REQUEST:[[1, 10, root]]
2020-01-14 08:38:15 [WARN] - Skipping URI variable 'type' because request contains bind value with same name.
2020-01-14 08:38:44 [INFO] - URL:[/dictionaryAdmin/save/1] -----> REQUEST:[[1, DictionaryAdmin(desc=xss&#25915;&#20987;, id=null, key=666, type=root, value=&lt;script&gt;alert('sss')&lt;/script&gt;, name=null)]]
2020-01-14 08:40:09 [INFO] - URL:[/dictionaryAdmin/findAll] -----> REQUEST:[[1, 10, root]]
2020-01-14 08:40:37 [INFO] - Shutting down ExecutorService 'applicationTaskExecutor'
2020-01-14 08:40:37 [INFO] - Closing JPA EntityManagerFactory for persistence unit 'default'
2020-01-14 08:40:37 [INFO] - {dataSource-1} closed
2020-01-14 08:40:46 [INFO] - HV000001: Hibernate Validator 6.0.17.Final
2020-01-14 08:40:47 [INFO] - Starting AdminConsoleApplication on WIN-CDI45048L28 with PID 3852 (F:\workspace\code\git2020-1\spring-boot-plus2\admin-console\target\classes started by Administrator in F:\workspace\code\git2020-1\spring-boot-plus2)
2020-01-14 08:40:47 [INFO] - The following profiles are active: dev
2020-01-14 08:40:49 [INFO] - Bootstrapping Spring Data repositories in DEFAULT mode.
2020-01-14 08:40:49 [INFO] - Finished Spring Data repository scanning in 256ms. Found 8 repository interfaces.
2020-01-14 08:40:50 [INFO] - Bean 'org.springframework.transaction.annotation.ProxyTransactionManagementConfiguration' of type [org.springframework.transaction.annotation.ProxyTransactionManagementConfiguration$$EnhancerBySpringCGLIB$$2611bd2a] is not eligible for getting processed by all BeanPostProcessors (for example: not eligible for auto-proxying)
2020-01-14 08:40:51 [INFO] - Tomcat initialized with port(s): 8080 (http)
2020-01-14 08:40:51 [INFO] - Root WebApplicationContext: initialization completed in 3988 ms
2020-01-14 08:40:51 [INFO] - Servlet statViewServlet was not registered (possibly already registered?)
2020-01-14 08:40:51 [INFO] - Init DruidDataSource
2020-01-14 08:40:51 [INFO] - {dataSource-1} inited
2020-01-14 08:40:52 [INFO] - HHH000204: Processing PersistenceUnitInfo [
	name: default
	...]
2020-01-14 08:40:52 [INFO] - HHH000412: Hibernate Core {5.3.10.Final}
2020-01-14 08:40:52 [INFO] - HHH000206: hibernate.properties not found
2020-01-14 08:40:53 [INFO] - HCANN000001: Hibernate Commons Annotations {5.0.4.Final}
2020-01-14 08:40:53 [INFO] - HHH000400: Using dialect: org.hibernate.dialect.MySQL5Dialect
2020-01-14 08:40:54 [INFO] - Initialized JPA EntityManagerFactory for persistence unit 'default'
2020-01-14 08:40:56 [INFO] - Initializing ExecutorService 'applicationTaskExecutor'
2020-01-14 08:40:56 [WARN] - spring.jpa.open-in-view is enabled by default. Therefore, database queries may be performed during view rendering. Explicitly configure spring.jpa.open-in-view to disable this warning
2020-01-14 08:40:56 [INFO] - Adding welcome page template: index
2020-01-14 08:40:56 [WARN] - [THYMELEAF][main] Template Mode 'LEGACYHTML5' is deprecated. Using Template Mode 'HTML' instead.
2020-01-14 08:40:57 [INFO] - Tomcat started on port(s): 8080 (http) with context path ''
2020-01-14 08:40:57 [INFO] - Started AdminConsoleApplication in 11.18 seconds (JVM running for 12.934)
2020-01-14 08:40:57 [INFO] - Initializing Servlet 'dispatcherServlet'
2020-01-14 08:40:57 [INFO] - Completed initialization in 18 ms
2020-01-14 08:41:21 [INFO] - URL:[/userAdmin/login] -----> REQUEST:[[1720696548, 123456]]
2020-01-14 08:41:23 [INFO] - HHH000397: Using ASTQueryTranslatorFactory
2020-01-14 08:41:23 [INFO] - URL:[/menuAdmin/menuTree] -----> REQUEST:[[null]]
2020-01-14 08:41:25 [INFO] - URL:[/userAdmin/findAll/1] -----> REQUEST:[[1, 1, 10, null, null]]
2020-01-14 08:49:38 [INFO] - Shutting down ExecutorService 'applicationTaskExecutor'
2020-01-14 08:49:38 [INFO] - Closing JPA EntityManagerFactory for persistence unit 'default'
2020-01-14 08:49:38 [INFO] - {dataSource-1} closed
2020-01-14 08:49:50 [INFO] - HV000001: Hibernate Validator 6.0.17.Final
2020-01-14 08:49:50 [INFO] - Starting AdminConsoleApplication on WIN-CDI45048L28 with PID 13952 (F:\workspace\code\git2020-1\spring-boot-plus2\admin-console\target\classes started by Administrator in F:\workspace\code\git2020-1\spring-boot-plus2)
2020-01-14 08:49:50 [INFO] - The following profiles are active: dev
2020-01-14 08:49:52 [INFO] - Bootstrapping Spring Data repositories in DEFAULT mode.
2020-01-14 08:49:52 [INFO] - Finished Spring Data repository scanning in 176ms. Found 8 repository interfaces.
2020-01-14 08:49:53 [INFO] - Bean 'org.springframework.transaction.annotation.ProxyTransactionManagementConfiguration' of type [org.springframework.transaction.annotation.ProxyTransactionManagementConfiguration$$EnhancerBySpringCGLIB$$a553801b] is not eligible for getting processed by all BeanPostProcessors (for example: not eligible for auto-proxying)
2020-01-14 08:49:53 [INFO] - Tomcat initialized with port(s): 8080 (http)
2020-01-14 08:49:54 [INFO] - Root WebApplicationContext: initialization completed in 3256 ms
2020-01-14 08:49:54 [INFO] - Servlet statViewServlet was not registered (possibly already registered?)
2020-01-14 08:49:54 [INFO] - Init DruidDataSource
2020-01-14 08:49:54 [INFO] - {dataSource-1} inited
2020-01-14 08:49:55 [INFO] - HHH000204: Processing PersistenceUnitInfo [
	name: default
	...]
2020-01-14 08:49:55 [INFO] - HHH000412: Hibernate Core {5.3.10.Final}
2020-01-14 08:49:55 [INFO] - HHH000206: hibernate.properties not found
2020-01-14 08:49:55 [INFO] - HCANN000001: Hibernate Commons Annotations {5.0.4.Final}
2020-01-14 08:49:56 [INFO] - HHH000400: Using dialect: org.hibernate.dialect.MySQL5Dialect
2020-01-14 08:49:57 [INFO] - Initialized JPA EntityManagerFactory for persistence unit 'default'
2020-01-14 08:49:58 [INFO] - Initializing ExecutorService 'applicationTaskExecutor'
2020-01-14 08:49:58 [WARN] - spring.jpa.open-in-view is enabled by default. Therefore, database queries may be performed during view rendering. Explicitly configure spring.jpa.open-in-view to disable this warning
2020-01-14 08:49:58 [INFO] - Adding welcome page template: index
2020-01-14 08:49:58 [WARN] - [THYMELEAF][main] Template Mode 'LEGACYHTML5' is deprecated. Using Template Mode 'HTML' instead.
2020-01-14 08:49:59 [INFO] - Tomcat started on port(s): 8080 (http) with context path ''
2020-01-14 08:49:59 [INFO] - Started AdminConsoleApplication in 9.461 seconds (JVM running for 10.982)
2020-01-14 08:50:01 [INFO] - Initializing Servlet 'dispatcherServlet'
2020-01-14 08:50:01 [INFO] - Completed initialization in 14 ms
2020-01-14 08:50:02 [INFO] - URL:[/userAdmin/login] -----> REQUEST:[[1720696548, 123456]]
2020-01-14 08:50:02 [INFO] - HHH000397: Using ASTQueryTranslatorFactory
2020-01-14 08:50:03 [INFO] - URL:[/menuAdmin/menuTree] -----> REQUEST:[[null]]
2020-01-14 08:50:03 [INFO] - URL:[/userAdmin/findAll/1] -----> REQUEST:[[1, 1, 10, null, null]]
2020-01-14 08:50:07 [INFO] - URL:[/roleAdmin/findAll/2] -----> REQUEST:[[2, null, null, null]]
2020-01-14 08:50:07 [INFO] - URL:[/authorityAdmin/findList] -----> REQUEST:[[null]]
2020-01-14 08:50:09 [INFO] - URL:[/authorityAdmin/putAuthority] -----> REQUEST:[[]]
2020-01-14 08:50:12 [INFO] - URL:[/roleAdmin/findAll/2] -----> REQUEST:[[2, null, null, null]]
2020-01-14 08:50:12 [INFO] - URL:[/authorityAdmin/findList] -----> REQUEST:[[null]]
2020-01-14 08:50:27 [INFO] - URL:[/authorityAdmin/findList] -----> REQUEST:[[1]]
2020-01-14 08:50:43 [INFO] - URL:[/roleAdmin/updRoleUrlAuth] -----> REQUEST:[[1, [78, 72, 73, 74, 75, 76, 79, 80, 81, 82, 83]]]
2020-01-14 08:50:47 [INFO] - URL:[/menuAdmin/menuTree] -----> REQUEST:[[null]]
2020-01-14 08:50:47 [INFO] - URL:[/userAdmin/findAll/1] -----> REQUEST:[[1, 1, 10, null, null]]
2020-01-14 08:50:50 [INFO] - URL:[/dictionaryAdmin/findByType] -----> REQUEST:[[root]]
2020-01-14 08:50:52 [INFO] - URL:[/dictionaryAdmin/findAll] -----> REQUEST:[[1, 10, null]]
2020-01-14 08:51:05 [INFO] - Shutting down ExecutorService 'applicationTaskExecutor'
2020-01-14 08:51:05 [INFO] - Closing JPA EntityManagerFactory for persistence unit 'default'
2020-01-14 08:51:05 [INFO] - {dataSource-1} closed
