2021-01-29 18:10:57.971 INFO  [main] com.ws.ldy.XjTestServer - Starting XjTestServer on wangsong with PID 14172 (F:\workspace\code\git2020-12\spring-boot-plus2\xj-server\xj-test-server\target\classes started by ws in F:\workspace\code\git2020-12\spring-boot-plus2)
2021-01-29 18:10:57.983 INFO  [main] com.ws.ldy.XjTestServer - The following profiles are active: test
2021-01-29 18:11:00.846 WARN  [main] org.mybatis.spring.mapper.ClassPathMapperScanner - No MyBatis mapper was found in '[com.ws.ldy, com.ws.ldy.modules.third.websocket.config]' package. Please check your configuration.
2021-01-29 18:11:01.111 WARN  [main] org.mybatis.spring.mapper.ClassPathMapperScanner - No MyBatis mapper was found in '[com.baomidou.cloud.service.*.mapper*]' package. Please check your configuration.
2021-01-29 18:11:01.145 WARN  [main] org.mybatis.spring.mapper.ClassPathMapperScanner - Skipping MapperFactoryBean with name 'xjAstoryCategoryMapper' and 'com.ws.ldy.modules.yw.astory.mapper.XjAstoryCategoryMapper' mapperInterface. Bean already defined with the same name!
2021-01-29 18:11:01.145 WARN  [main] org.mybatis.spring.mapper.ClassPathMapperScanner - Skipping MapperFactoryBean with name 'xjAstoryMapper' and 'com.ws.ldy.modules.yw.astory.mapper.XjAstoryMapper' mapperInterface. Bean already defined with the same name!
2021-01-29 18:11:01.146 WARN  [main] org.mybatis.spring.mapper.ClassPathMapperScanner - Skipping MapperFactoryBean with name 'cpCategoryMapper' and 'com.ws.ldy.modules.yw.caipu.mapper.CpCategoryMapper' mapperInterface. Bean already defined with the same name!
2021-01-29 18:11:01.146 WARN  [main] org.mybatis.spring.mapper.ClassPathMapperScanner - Skipping MapperFactoryBean with name 'cpInfoMapper' and 'com.ws.ldy.modules.yw.caipu.mapper.CpInfoMapper' mapperInterface. Bean already defined with the same name!
2021-01-29 18:11:01.146 WARN  [main] org.mybatis.spring.mapper.ClassPathMapperScanner - Skipping MapperFactoryBean with name 'xjFileMapper' and 'com.ws.ldy.modules.yw.file.mapper.XjFileMapper' mapperInterface. Bean already defined with the same name!
2021-01-29 18:11:01.146 WARN  [main] org.mybatis.spring.mapper.ClassPathMapperScanner - Skipping MapperFactoryBean with name 'file2Mapper' and 'com.ws.ldy.modules.yw.test.mapper.File2Mapper' mapperInterface. Bean already defined with the same name!
2021-01-29 18:11:01.146 WARN  [main] org.mybatis.spring.mapper.ClassPathMapperScanner - Skipping MapperFactoryBean with name 'adminAuthorityMapper' and 'com.ws.ldy.modules.sys.admin.mapper.AdminAuthorityMapper' mapperInterface. Bean already defined with the same name!
2021-01-29 18:11:01.146 WARN  [main] org.mybatis.spring.mapper.ClassPathMapperScanner - Skipping MapperFactoryBean with name 'adminDictionaryMapper' and 'com.ws.ldy.modules.sys.admin.mapper.AdminDictionaryMapper' mapperInterface. Bean already defined with the same name!
2021-01-29 18:11:01.146 WARN  [main] org.mybatis.spring.mapper.ClassPathMapperScanner - Skipping MapperFactoryBean with name 'adminMenuMapper' and 'com.ws.ldy.modules.sys.admin.mapper.AdminMenuMapper' mapperInterface. Bean already defined with the same name!
2021-01-29 18:11:01.146 WARN  [main] org.mybatis.spring.mapper.ClassPathMapperScanner - Skipping MapperFactoryBean with name 'adminRoleAuthMapper' and 'com.ws.ldy.modules.sys.admin.mapper.AdminRoleAuthMapper' mapperInterface. Bean already defined with the same name!
2021-01-29 18:11:01.146 WARN  [main] org.mybatis.spring.mapper.ClassPathMapperScanner - Skipping MapperFactoryBean with name 'adminRoleMapper' and 'com.ws.ldy.modules.sys.admin.mapper.AdminRoleMapper' mapperInterface. Bean already defined with the same name!
2021-01-29 18:11:01.146 WARN  [main] org.mybatis.spring.mapper.ClassPathMapperScanner - Skipping MapperFactoryBean with name 'adminRoleMenuMapper' and 'com.ws.ldy.modules.sys.admin.mapper.AdminRoleMenuMapper' mapperInterface. Bean already defined with the same name!
2021-01-29 18:11:01.146 WARN  [main] org.mybatis.spring.mapper.ClassPathMapperScanner - Skipping MapperFactoryBean with name 'adminRoleUserMapper' and 'com.ws.ldy.modules.sys.admin.mapper.AdminRoleUserMapper' mapperInterface. Bean already defined with the same name!
2021-01-29 18:11:01.146 WARN  [main] org.mybatis.spring.mapper.ClassPathMapperScanner - Skipping MapperFactoryBean with name 'adminUserMapper' and 'com.ws.ldy.modules.sys.admin.mapper.AdminUserMapper' mapperInterface. Bean already defined with the same name!
2021-01-29 18:11:01.147 WARN  [main] org.mybatis.spring.mapper.ClassPathMapperScanner - Skipping MapperFactoryBean with name 'defaultMapper' and 'com.ws.ldy.modules.sys.admin.mapper.DefaultMapper' mapperInterface. Bean already defined with the same name!
2021-01-29 18:11:01.147 WARN  [main] org.mybatis.spring.mapper.ClassPathMapperScanner - Skipping MapperFactoryBean with name 'xjAdminDatasourceMapper' and 'com.ws.ldy.modules.sys.gc.mapper.XjAdminDatasourceMapper' mapperInterface. Bean already defined with the same name!
2021-01-29 18:11:01.147 WARN  [main] org.mybatis.spring.mapper.ClassPathMapperScanner - Skipping MapperFactoryBean with name 'xjDataBaseMapper' and 'com.ws.ldy.modules.sys.gc.mapper.XjDataBaseMapper' mapperInterface. Bean already defined with the same name!
2021-01-29 18:11:01.147 WARN  [main] org.mybatis.spring.mapper.ClassPathMapperScanner - Skipping MapperFactoryBean with name 'xjAdminBannerMapper' and 'com.ws.ldy.modules.sys.xj.mapper.XjAdminBannerMapper' mapperInterface. Bean already defined with the same name!
2021-01-29 18:11:01.147 WARN  [main] org.mybatis.spring.mapper.ClassPathMapperScanner - Skipping MapperFactoryBean with name 'xjAdminBlacklistMapper' and 'com.ws.ldy.modules.sys.xj.mapper.XjAdminBlacklistMapper' mapperInterface. Bean already defined with the same name!
2021-01-29 18:11:01.147 WARN  [main] org.mybatis.spring.mapper.ClassPathMapperScanner - Skipping MapperFactoryBean with name 'xjAdminConfigMapper' and 'com.ws.ldy.modules.sys.xj.mapper.XjAdminConfigMapper' mapperInterface. Bean already defined with the same name!
2021-01-29 18:11:01.147 WARN  [main] org.mybatis.spring.mapper.ClassPathMapperScanner - Skipping MapperFactoryBean with name 'xjAdminHelpMapper' and 'com.ws.ldy.modules.sys.xj.mapper.XjAdminHelpMapper' mapperInterface. Bean already defined with the same name!
2021-01-29 18:11:01.147 WARN  [main] org.mybatis.spring.mapper.ClassPathMapperScanner - Skipping MapperFactoryBean with name 'xjAdminLogMapper' and 'com.ws.ldy.modules.sys.xj.mapper.XjAdminLogMapper' mapperInterface. Bean already defined with the same name!
2021-01-29 18:11:01.147 WARN  [main] org.mybatis.spring.mapper.ClassPathMapperScanner - Skipping MapperFactoryBean with name 'xjAdminMsgMapper' and 'com.ws.ldy.modules.sys.xj.mapper.XjAdminMsgMapper' mapperInterface. Bean already defined with the same name!
2021-01-29 18:11:01.147 WARN  [main] org.mybatis.spring.mapper.ClassPathMapperScanner - No MyBatis mapper was found in '[com.ws.ldy.modules.*.*.mapper]' package. Please check your configuration.
2021-01-29 18:11:01.676 INFO  [main] o.s.c.s.PostProcessorRegistrationDelegate$BeanPostProcessorChecker - Bean 'spring.datasource.dynamic-com.baomidou.dynamic.datasource.spring.boot.autoconfigure.DynamicDataSourceProperties' of type [com.baomidou.dynamic.datasource.spring.boot.autoconfigure.DynamicDataSourceProperties] is not eligible for getting processed by all BeanPostProcessors (for example: not eligible for auto-proxying)
2021-01-29 18:11:01.778 INFO  [main] o.s.c.s.PostProcessorRegistrationDelegate$BeanPostProcessorChecker - Bean 'com.baomidou.dynamic.datasource.spring.boot.autoconfigure.DynamicDataSourceAutoConfiguration' of type [com.baomidou.dynamic.datasource.spring.boot.autoconfigure.DynamicDataSourceAutoConfiguration$$EnhancerBySpringCGLIB$$9d33792e] is not eligible for getting processed by all BeanPostProcessors (for example: not eligible for auto-proxying)
2021-01-29 18:11:01.790 INFO  [main] o.s.c.s.PostProcessorRegistrationDelegate$BeanPostProcessorChecker - Bean 'dsProcessor' of type [com.baomidou.dynamic.datasource.processor.DsHeaderProcessor] is not eligible for getting processed by all BeanPostProcessors (for example: not eligible for auto-proxying)
2021-01-29 18:11:01.798 INFO  [main] o.s.c.s.PostProcessorRegistrationDelegate$BeanPostProcessorChecker - Bean 'dynamicDatasourceAnnotationAdvisor' of type [com.baomidou.dynamic.datasource.aop.DynamicDataSourceAnnotationAdvisor] is not eligible for getting processed by all BeanPostProcessors (for example: not eligible for auto-proxying)
2021-01-29 18:11:01.815 INFO  [main] o.s.c.s.PostProcessorRegistrationDelegate$BeanPostProcessorChecker - Bean 'org.springframework.transaction.annotation.ProxyTransactionManagementConfiguration' of type [org.springframework.transaction.annotation.ProxyTransactionManagementConfiguration] is not eligible for getting processed by all BeanPostProcessors (for example: not eligible for auto-proxying)
2021-01-29 18:11:02.531 INFO  [main] o.s.boot.web.embedded.tomcat.TomcatWebServer - Tomcat initialized with port(s): 9048 (http)
2021-01-29 18:11:02.553 INFO  [main] org.apache.coyote.http11.Http11NioProtocol - Initializing ProtocolHandler ["http-nio-9048"]
2021-01-29 18:11:02.553 INFO  [main] org.apache.catalina.core.StandardService - Starting service [Tomcat]
2021-01-29 18:11:02.553 INFO  [main] org.apache.catalina.core.StandardEngine - Starting Servlet engine: [Apache Tomcat/9.0.27]
2021-01-29 18:11:02.907 INFO  [main] o.a.c.core.ContainerBase.[Tomcat].[localhost].[/] - Initializing Spring embedded WebApplicationContext
2021-01-29 18:11:02.907 INFO  [main] org.springframework.web.context.ContextLoader - Root WebApplicationContext: initialization completed in 4818 ms
2021-01-29 18:11:03.038 INFO  [main] o.a.c.core.ContainerBase.[Tomcat].[localhost].[/] - Set web app root system property: 'webapp.root' = [C:\Users\Administrator\AppData\Local\Temp\tomcat-docbase.2593373771985059300.9048\]
2021-01-29 18:11:03.233 INFO  [main] c.b.dynamic.datasource.DynamicDataSourceCreator - 动态数据源-检测到druid存在,如配置中未指定type,druid会默认配置
2021-01-29 18:11:03.403 INFO  [main] com.alibaba.druid.pool.DruidDataSource - {dataSource-1,db1} inited
2021-01-29 18:11:03.406 INFO  [Druid-ConnectionPool-Create-1925489578] com.alibaba.druid.pool.DruidAbstractDataSource - {dataSource-1} failContinuous is true
2021-01-29 18:11:03.404 INFO  [main] c.b.dynamic.datasource.DynamicRoutingDataSource - 初始共加载 1 个数据源
2021-01-29 18:11:03.408 INFO  [main] c.b.dynamic.datasource.DynamicRoutingDataSource - 动态数据源-加载 db1 成功
2021-01-29 18:11:03.409 INFO  [main] c.b.dynamic.datasource.DynamicRoutingDataSource - 当前的默认数据源是单数据源，数据源名为 db1
2021-01-29 18:11:03.438 WARN  [main] c.b.m.e.spring.MybatisSqlSessionFactoryBean - Can't find class in '[com.ws.ldy.enums.*]' package. Please check your configuration.
2021-01-29 18:11:06.563 WARN  [main] c.baomidou.mybatisplus.core.toolkit.ReflectionKit - Warn: DefaultServiceImpl's superclass not ParameterizedType
2021-01-29 18:11:06.605 WARN  [main] c.baomidou.mybatisplus.core.toolkit.ReflectionKit - Warn: XjDataBaseServiceImpl's superclass not ParameterizedType
2021-01-29 18:11:06.610 WARN  [main] o.s.b.w.s.c.AnnotationConfigServletWebServerApplicationContext - Exception encountered during context initialization - cancelling refresh attempt: org.springframework.beans.factory.UnsatisfiedDependencyException: Error creating bean with name 'xjDataBaseController': Unsatisfied dependency expressed through field 'baseService'; nested exception is org.springframework.beans.factory.BeanCreationException: Error creating bean with name 'xjDataBaseServiceImpl': Injection of autowired dependencies failed; nested exception is java.lang.IllegalArgumentException: Could not resolve placeholder '.version' in value "jdbc:mysql://127.0.0.1/spring-boot-plus2?useUnicode=true&characterEncoding=utf-8&useTimezone=true&serverTimezone=GMT%2B8&rewriteBatchedStatements=true"
2021-01-29 18:11:06.611 INFO  [main] c.b.dynamic.datasource.DynamicRoutingDataSource - closing dynamicDatasource  ing....
2021-01-29 18:11:06.616 INFO  [main] com.alibaba.druid.pool.DruidDataSource - {dataSource-1} closing ...
2021-01-29 18:11:06.617 INFO  [main] com.alibaba.druid.pool.DruidDataSource - {dataSource-1} closed
2021-01-29 18:11:06.622 INFO  [main] org.apache.catalina.core.StandardService - Stopping service [Tomcat]
2021-01-29 18:11:06.640 INFO  [main] o.s.b.a.l.ConditionEvaluationReportLoggingListener - 

Error starting ApplicationContext. To display the conditions report re-run your application with 'debug' enabled.
2021-01-29 18:16:24.507 INFO  [main] com.ws.ldy.XjTestServer - Starting XjTestServer on wangsong with PID 10632 (F:\workspace\code\git2020-12\spring-boot-plus2\xj-server\xj-test-server\target\classes started by ws in F:\workspace\code\git2020-12\spring-boot-plus2)
2021-01-29 18:16:24.511 INFO  [main] com.ws.ldy.XjTestServer - The following profiles are active: @profiles.active@
2021-01-29 18:16:27.015 WARN  [main] org.mybatis.spring.mapper.ClassPathMapperScanner - No MyBatis mapper was found in '[com.ws.ldy, com.ws.ldy.modules.third.websocket.config]' package. Please check your configuration.
2021-01-29 18:16:27.242 WARN  [main] org.mybatis.spring.mapper.ClassPathMapperScanner - No MyBatis mapper was found in '[com.baomidou.cloud.service.*.mapper*]' package. Please check your configuration.
2021-01-29 18:16:27.262 WARN  [main] org.mybatis.spring.mapper.ClassPathMapperScanner - Skipping MapperFactoryBean with name 'xjAstoryCategoryMapper' and 'com.ws.ldy.modules.yw.astory.mapper.XjAstoryCategoryMapper' mapperInterface. Bean already defined with the same name!
2021-01-29 18:16:27.262 WARN  [main] org.mybatis.spring.mapper.ClassPathMapperScanner - Skipping MapperFactoryBean with name 'xjAstoryMapper' and 'com.ws.ldy.modules.yw.astory.mapper.XjAstoryMapper' mapperInterface. Bean already defined with the same name!
2021-01-29 18:16:27.262 WARN  [main] org.mybatis.spring.mapper.ClassPathMapperScanner - Skipping MapperFactoryBean with name 'cpCategoryMapper' and 'com.ws.ldy.modules.yw.caipu.mapper.CpCategoryMapper' mapperInterface. Bean already defined with the same name!
2021-01-29 18:16:27.262 WARN  [main] org.mybatis.spring.mapper.ClassPathMapperScanner - Skipping MapperFactoryBean with name 'cpInfoMapper' and 'com.ws.ldy.modules.yw.caipu.mapper.CpInfoMapper' mapperInterface. Bean already defined with the same name!
2021-01-29 18:16:27.262 WARN  [main] org.mybatis.spring.mapper.ClassPathMapperScanner - Skipping MapperFactoryBean with name 'xjFileMapper' and 'com.ws.ldy.modules.yw.file.mapper.XjFileMapper' mapperInterface. Bean already defined with the same name!
2021-01-29 18:16:27.262 WARN  [main] org.mybatis.spring.mapper.ClassPathMapperScanner - Skipping MapperFactoryBean with name 'file2Mapper' and 'com.ws.ldy.modules.yw.test.mapper.File2Mapper' mapperInterface. Bean already defined with the same name!
2021-01-29 18:16:27.263 WARN  [main] org.mybatis.spring.mapper.ClassPathMapperScanner - Skipping MapperFactoryBean with name 'adminAuthorityMapper' and 'com.ws.ldy.modules.sys.admin.mapper.AdminAuthorityMapper' mapperInterface. Bean already defined with the same name!
2021-01-29 18:16:27.263 WARN  [main] org.mybatis.spring.mapper.ClassPathMapperScanner - Skipping MapperFactoryBean with name 'adminDictionaryMapper' and 'com.ws.ldy.modules.sys.admin.mapper.AdminDictionaryMapper' mapperInterface. Bean already defined with the same name!
2021-01-29 18:16:27.263 WARN  [main] org.mybatis.spring.mapper.ClassPathMapperScanner - Skipping MapperFactoryBean with name 'adminMenuMapper' and 'com.ws.ldy.modules.sys.admin.mapper.AdminMenuMapper' mapperInterface. Bean already defined with the same name!
2021-01-29 18:16:27.263 WARN  [main] org.mybatis.spring.mapper.ClassPathMapperScanner - Skipping MapperFactoryBean with name 'adminRoleAuthMapper' and 'com.ws.ldy.modules.sys.admin.mapper.AdminRoleAuthMapper' mapperInterface. Bean already defined with the same name!
2021-01-29 18:16:27.263 WARN  [main] org.mybatis.spring.mapper.ClassPathMapperScanner - Skipping MapperFactoryBean with name 'adminRoleMapper' and 'com.ws.ldy.modules.sys.admin.mapper.AdminRoleMapper' mapperInterface. Bean already defined with the same name!
2021-01-29 18:16:27.263 WARN  [main] org.mybatis.spring.mapper.ClassPathMapperScanner - Skipping MapperFactoryBean with name 'adminRoleMenuMapper' and 'com.ws.ldy.modules.sys.admin.mapper.AdminRoleMenuMapper' mapperInterface. Bean already defined with the same name!
2021-01-29 18:16:27.263 WARN  [main] org.mybatis.spring.mapper.ClassPathMapperScanner - Skipping MapperFactoryBean with name 'adminRoleUserMapper' and 'com.ws.ldy.modules.sys.admin.mapper.AdminRoleUserMapper' mapperInterface. Bean already defined with the same name!
2021-01-29 18:16:27.263 WARN  [main] org.mybatis.spring.mapper.ClassPathMapperScanner - Skipping MapperFactoryBean with name 'adminUserMapper' and 'com.ws.ldy.modules.sys.admin.mapper.AdminUserMapper' mapperInterface. Bean already defined with the same name!
2021-01-29 18:16:27.263 WARN  [main] org.mybatis.spring.mapper.ClassPathMapperScanner - Skipping MapperFactoryBean with name 'defaultMapper' and 'com.ws.ldy.modules.sys.admin.mapper.DefaultMapper' mapperInterface. Bean already defined with the same name!
2021-01-29 18:16:27.263 WARN  [main] org.mybatis.spring.mapper.ClassPathMapperScanner - Skipping MapperFactoryBean with name 'xjAdminDatasourceMapper' and 'com.ws.ldy.modules.sys.gc.mapper.XjAdminDatasourceMapper' mapperInterface. Bean already defined with the same name!
2021-01-29 18:16:27.263 WARN  [main] org.mybatis.spring.mapper.ClassPathMapperScanner - Skipping MapperFactoryBean with name 'xjDataBaseMapper' and 'com.ws.ldy.modules.sys.gc.mapper.XjDataBaseMapper' mapperInterface. Bean already defined with the same name!
2021-01-29 18:16:27.263 WARN  [main] org.mybatis.spring.mapper.ClassPathMapperScanner - Skipping MapperFactoryBean with name 'xjAdminBannerMapper' and 'com.ws.ldy.modules.sys.xj.mapper.XjAdminBannerMapper' mapperInterface. Bean already defined with the same name!
2021-01-29 18:16:27.263 WARN  [main] org.mybatis.spring.mapper.ClassPathMapperScanner - Skipping MapperFactoryBean with name 'xjAdminBlacklistMapper' and 'com.ws.ldy.modules.sys.xj.mapper.XjAdminBlacklistMapper' mapperInterface. Bean already defined with the same name!
2021-01-29 18:16:27.263 WARN  [main] org.mybatis.spring.mapper.ClassPathMapperScanner - Skipping MapperFactoryBean with name 'xjAdminConfigMapper' and 'com.ws.ldy.modules.sys.xj.mapper.XjAdminConfigMapper' mapperInterface. Bean already defined with the same name!
2021-01-29 18:16:27.263 WARN  [main] org.mybatis.spring.mapper.ClassPathMapperScanner - Skipping MapperFactoryBean with name 'xjAdminHelpMapper' and 'com.ws.ldy.modules.sys.xj.mapper.XjAdminHelpMapper' mapperInterface. Bean already defined with the same name!
2021-01-29 18:16:27.263 WARN  [main] org.mybatis.spring.mapper.ClassPathMapperScanner - Skipping MapperFactoryBean with name 'xjAdminLogMapper' and 'com.ws.ldy.modules.sys.xj.mapper.XjAdminLogMapper' mapperInterface. Bean already defined with the same name!
2021-01-29 18:16:27.263 WARN  [main] org.mybatis.spring.mapper.ClassPathMapperScanner - Skipping MapperFactoryBean with name 'xjAdminMsgMapper' and 'com.ws.ldy.modules.sys.xj.mapper.XjAdminMsgMapper' mapperInterface. Bean already defined with the same name!
2021-01-29 18:16:27.263 WARN  [main] org.mybatis.spring.mapper.ClassPathMapperScanner - No MyBatis mapper was found in '[com.ws.ldy.modules.*.*.mapper]' package. Please check your configuration.
2021-01-29 18:16:27.624 INFO  [main] o.s.c.s.PostProcessorRegistrationDelegate$BeanPostProcessorChecker - Bean 'spring.datasource.dynamic-com.baomidou.dynamic.datasource.spring.boot.autoconfigure.DynamicDataSourceProperties' of type [com.baomidou.dynamic.datasource.spring.boot.autoconfigure.DynamicDataSourceProperties] is not eligible for getting processed by all BeanPostProcessors (for example: not eligible for auto-proxying)
2021-01-29 18:16:27.708 INFO  [main] o.s.c.s.PostProcessorRegistrationDelegate$BeanPostProcessorChecker - Bean 'com.baomidou.dynamic.datasource.spring.boot.autoconfigure.DynamicDataSourceAutoConfiguration' of type [com.baomidou.dynamic.datasource.spring.boot.autoconfigure.DynamicDataSourceAutoConfiguration$$EnhancerBySpringCGLIB$$9ea7a112] is not eligible for getting processed by all BeanPostProcessors (for example: not eligible for auto-proxying)
2021-01-29 18:16:27.717 INFO  [main] o.s.c.s.PostProcessorRegistrationDelegate$BeanPostProcessorChecker - Bean 'dsProcessor' of type [com.baomidou.dynamic.datasource.processor.DsHeaderProcessor] is not eligible for getting processed by all BeanPostProcessors (for example: not eligible for auto-proxying)
2021-01-29 18:16:27.724 INFO  [main] o.s.c.s.PostProcessorRegistrationDelegate$BeanPostProcessorChecker - Bean 'dynamicDatasourceAnnotationAdvisor' of type [com.baomidou.dynamic.datasource.aop.DynamicDataSourceAnnotationAdvisor] is not eligible for getting processed by all BeanPostProcessors (for example: not eligible for auto-proxying)
2021-01-29 18:16:27.735 INFO  [main] o.s.c.s.PostProcessorRegistrationDelegate$BeanPostProcessorChecker - Bean 'org.springframework.transaction.annotation.ProxyTransactionManagementConfiguration' of type [org.springframework.transaction.annotation.ProxyTransactionManagementConfiguration] is not eligible for getting processed by all BeanPostProcessors (for example: not eligible for auto-proxying)
2021-01-29 18:16:28.199 INFO  [main] o.s.boot.web.embedded.tomcat.TomcatWebServer - Tomcat initialized with port(s): 8080 (http)
2021-01-29 18:16:28.216 INFO  [main] org.apache.coyote.http11.Http11NioProtocol - Initializing ProtocolHandler ["http-nio-8080"]
2021-01-29 18:16:28.216 INFO  [main] org.apache.catalina.core.StandardService - Starting service [Tomcat]
2021-01-29 18:16:28.216 INFO  [main] org.apache.catalina.core.StandardEngine - Starting Servlet engine: [Apache Tomcat/9.0.27]
2021-01-29 18:16:28.469 INFO  [main] o.a.c.core.ContainerBase.[Tomcat].[localhost].[/] - Initializing Spring embedded WebApplicationContext
2021-01-29 18:16:28.469 INFO  [main] org.springframework.web.context.ContextLoader - Root WebApplicationContext: initialization completed in 3867 ms
2021-01-29 18:16:28.585 INFO  [main] o.a.c.core.ContainerBase.[Tomcat].[localhost].[/] - Set web app root system property: 'webapp.root' = [C:\Users\Administrator\AppData\Local\Temp\tomcat-docbase.6887752795970309039.8080\]
2021-01-29 18:16:28.827 INFO  [main] c.b.dynamic.datasource.DynamicDataSourceCreator - 动态数据源-检测到druid存在,如配置中未指定type,druid会默认配置
2021-01-29 18:16:28.834 INFO  [main] c.b.dynamic.datasource.DynamicRoutingDataSource - 初始共加载 0 个数据源
2021-01-29 18:16:28.838 WARN  [main] o.s.b.w.s.c.AnnotationConfigServletWebServerApplicationContext - Exception encountered during context initialization - cancelling refresh attempt: org.springframework.beans.factory.UnsatisfiedDependencyException: Error creating bean with name 'UXjAstoryCategoryController': Unsatisfied dependency expressed through field 'baseService'; nested exception is org.springframework.beans.factory.UnsatisfiedDependencyException: Error creating bean with name 'xjAstoryCategoryServiceImpl': Unsatisfied dependency expressed through field 'baseMapper'; nested exception is org.springframework.beans.factory.UnsatisfiedDependencyException: Error creating bean with name 'xjAstoryCategoryMapper' defined in file [F:\workspace\code\git2020-12\spring-boot-plus2\xj-server\xj-test-server\target\classes\com\ws\ldy\modules\yw\astory\mapper\XjAstoryCategoryMapper.class]: Unsatisfied dependency expressed through bean property 'sqlSessionFactory'; nested exception is org.springframework.beans.factory.UnsatisfiedDependencyException: Error creating bean with name 'sqlSessionFactory' defined in class path resource [com/baomidou/mybatisplus/autoconfigure/MybatisPlusAutoConfiguration.class]: Unsatisfied dependency expressed through method 'sqlSessionFactory' parameter 0; nested exception is org.springframework.beans.factory.BeanCreationException: Error creating bean with name 'dataSource' defined in class path resource [com/baomidou/dynamic/datasource/spring/boot/autoconfigure/DynamicDataSourceAutoConfiguration.class]: Invocation of init method failed; nested exception is java.lang.RuntimeException: 请检查primary默认数据库设置
2021-01-29 18:16:28.842 INFO  [main] org.apache.catalina.core.StandardService - Stopping service [Tomcat]
2021-01-29 18:16:28.865 INFO  [main] o.s.b.a.l.ConditionEvaluationReportLoggingListener - 

Error starting ApplicationContext. To display the conditions report re-run your application with 'debug' enabled.
2021-01-29 18:17:39.749 INFO  [main] com.ws.ldy.XjTestServer - Starting XjTestServer on wangsong with PID 10004 (F:\workspace\code\git2020-12\spring-boot-plus2\xj-server\xj-test-server\target\classes started by ws in F:\workspace\code\git2020-12\spring-boot-plus2)
2021-01-29 18:17:39.755 INFO  [main] com.ws.ldy.XjTestServer - The following profiles are active: @profiles.active@
2021-01-29 18:17:42.312 WARN  [main] org.mybatis.spring.mapper.ClassPathMapperScanner - No MyBatis mapper was found in '[com.ws.ldy, com.ws.ldy.modules.third.websocket.config]' package. Please check your configuration.
2021-01-29 18:17:42.543 WARN  [main] org.mybatis.spring.mapper.ClassPathMapperScanner - No MyBatis mapper was found in '[com.baomidou.cloud.service.*.mapper*]' package. Please check your configuration.
2021-01-29 18:17:42.564 WARN  [main] org.mybatis.spring.mapper.ClassPathMapperScanner - Skipping MapperFactoryBean with name 'xjAstoryCategoryMapper' and 'com.ws.ldy.modules.yw.astory.mapper.XjAstoryCategoryMapper' mapperInterface. Bean already defined with the same name!
2021-01-29 18:17:42.564 WARN  [main] org.mybatis.spring.mapper.ClassPathMapperScanner - Skipping MapperFactoryBean with name 'xjAstoryMapper' and 'com.ws.ldy.modules.yw.astory.mapper.XjAstoryMapper' mapperInterface. Bean already defined with the same name!
2021-01-29 18:17:42.564 WARN  [main] org.mybatis.spring.mapper.ClassPathMapperScanner - Skipping MapperFactoryBean with name 'cpCategoryMapper' and 'com.ws.ldy.modules.yw.caipu.mapper.CpCategoryMapper' mapperInterface. Bean already defined with the same name!
2021-01-29 18:17:42.564 WARN  [main] org.mybatis.spring.mapper.ClassPathMapperScanner - Skipping MapperFactoryBean with name 'cpInfoMapper' and 'com.ws.ldy.modules.yw.caipu.mapper.CpInfoMapper' mapperInterface. Bean already defined with the same name!
2021-01-29 18:17:42.564 WARN  [main] org.mybatis.spring.mapper.ClassPathMapperScanner - Skipping MapperFactoryBean with name 'xjFileMapper' and 'com.ws.ldy.modules.yw.file.mapper.XjFileMapper' mapperInterface. Bean already defined with the same name!
2021-01-29 18:17:42.564 WARN  [main] org.mybatis.spring.mapper.ClassPathMapperScanner - Skipping MapperFactoryBean with name 'file2Mapper' and 'com.ws.ldy.modules.yw.test.mapper.File2Mapper' mapperInterface. Bean already defined with the same name!
2021-01-29 18:17:42.564 WARN  [main] org.mybatis.spring.mapper.ClassPathMapperScanner - Skipping MapperFactoryBean with name 'adminAuthorityMapper' and 'com.ws.ldy.modules.sys.admin.mapper.AdminAuthorityMapper' mapperInterface. Bean already defined with the same name!
2021-01-29 18:17:42.564 WARN  [main] org.mybatis.spring.mapper.ClassPathMapperScanner - Skipping MapperFactoryBean with name 'adminDictionaryMapper' and 'com.ws.ldy.modules.sys.admin.mapper.AdminDictionaryMapper' mapperInterface. Bean already defined with the same name!
2021-01-29 18:17:42.564 WARN  [main] org.mybatis.spring.mapper.ClassPathMapperScanner - Skipping MapperFactoryBean with name 'adminMenuMapper' and 'com.ws.ldy.modules.sys.admin.mapper.AdminMenuMapper' mapperInterface. Bean already defined with the same name!
2021-01-29 18:17:42.564 WARN  [main] org.mybatis.spring.mapper.ClassPathMapperScanner - Skipping MapperFactoryBean with name 'adminRoleAuthMapper' and 'com.ws.ldy.modules.sys.admin.mapper.AdminRoleAuthMapper' mapperInterface. Bean already defined with the same name!
2021-01-29 18:17:42.564 WARN  [main] org.mybatis.spring.mapper.ClassPathMapperScanner - Skipping MapperFactoryBean with name 'adminRoleMapper' and 'com.ws.ldy.modules.sys.admin.mapper.AdminRoleMapper' mapperInterface. Bean already defined with the same name!
2021-01-29 18:17:42.564 WARN  [main] org.mybatis.spring.mapper.ClassPathMapperScanner - Skipping MapperFactoryBean with name 'adminRoleMenuMapper' and 'com.ws.ldy.modules.sys.admin.mapper.AdminRoleMenuMapper' mapperInterface. Bean already defined with the same name!
2021-01-29 18:17:42.565 WARN  [main] org.mybatis.spring.mapper.ClassPathMapperScanner - Skipping MapperFactoryBean with name 'adminRoleUserMapper' and 'com.ws.ldy.modules.sys.admin.mapper.AdminRoleUserMapper' mapperInterface. Bean already defined with the same name!
2021-01-29 18:17:42.565 WARN  [main] org.mybatis.spring.mapper.ClassPathMapperScanner - Skipping MapperFactoryBean with name 'adminUserMapper' and 'com.ws.ldy.modules.sys.admin.mapper.AdminUserMapper' mapperInterface. Bean already defined with the same name!
2021-01-29 18:17:42.565 WARN  [main] org.mybatis.spring.mapper.ClassPathMapperScanner - Skipping MapperFactoryBean with name 'defaultMapper' and 'com.ws.ldy.modules.sys.admin.mapper.DefaultMapper' mapperInterface. Bean already defined with the same name!
2021-01-29 18:17:42.565 WARN  [main] org.mybatis.spring.mapper.ClassPathMapperScanner - Skipping MapperFactoryBean with name 'xjAdminDatasourceMapper' and 'com.ws.ldy.modules.sys.gc.mapper.XjAdminDatasourceMapper' mapperInterface. Bean already defined with the same name!
2021-01-29 18:17:42.565 WARN  [main] org.mybatis.spring.mapper.ClassPathMapperScanner - Skipping MapperFactoryBean with name 'xjDataBaseMapper' and 'com.ws.ldy.modules.sys.gc.mapper.XjDataBaseMapper' mapperInterface. Bean already defined with the same name!
2021-01-29 18:17:42.565 WARN  [main] org.mybatis.spring.mapper.ClassPathMapperScanner - Skipping MapperFactoryBean with name 'xjAdminBannerMapper' and 'com.ws.ldy.modules.sys.xj.mapper.XjAdminBannerMapper' mapperInterface. Bean already defined with the same name!
2021-01-29 18:17:42.565 WARN  [main] org.mybatis.spring.mapper.ClassPathMapperScanner - Skipping MapperFactoryBean with name 'xjAdminBlacklistMapper' and 'com.ws.ldy.modules.sys.xj.mapper.XjAdminBlacklistMapper' mapperInterface. Bean already defined with the same name!
2021-01-29 18:17:42.565 WARN  [main] org.mybatis.spring.mapper.ClassPathMapperScanner - Skipping MapperFactoryBean with name 'xjAdminConfigMapper' and 'com.ws.ldy.modules.sys.xj.mapper.XjAdminConfigMapper' mapperInterface. Bean already defined with the same name!
2021-01-29 18:17:42.565 WARN  [main] org.mybatis.spring.mapper.ClassPathMapperScanner - Skipping MapperFactoryBean with name 'xjAdminHelpMapper' and 'com.ws.ldy.modules.sys.xj.mapper.XjAdminHelpMapper' mapperInterface. Bean already defined with the same name!
2021-01-29 18:17:42.565 WARN  [main] org.mybatis.spring.mapper.ClassPathMapperScanner - Skipping MapperFactoryBean with name 'xjAdminLogMapper' and 'com.ws.ldy.modules.sys.xj.mapper.XjAdminLogMapper' mapperInterface. Bean already defined with the same name!
2021-01-29 18:17:42.565 WARN  [main] org.mybatis.spring.mapper.ClassPathMapperScanner - Skipping MapperFactoryBean with name 'xjAdminMsgMapper' and 'com.ws.ldy.modules.sys.xj.mapper.XjAdminMsgMapper' mapperInterface. Bean already defined with the same name!
2021-01-29 18:17:42.565 WARN  [main] org.mybatis.spring.mapper.ClassPathMapperScanner - No MyBatis mapper was found in '[com.ws.ldy.modules.*.*.mapper]' package. Please check your configuration.
2021-01-29 18:17:42.944 INFO  [main] o.s.c.s.PostProcessorRegistrationDelegate$BeanPostProcessorChecker - Bean 'spring.datasource.dynamic-com.baomidou.dynamic.datasource.spring.boot.autoconfigure.DynamicDataSourceProperties' of type [com.baomidou.dynamic.datasource.spring.boot.autoconfigure.DynamicDataSourceProperties] is not eligible for getting processed by all BeanPostProcessors (for example: not eligible for auto-proxying)
2021-01-29 18:17:43.038 INFO  [main] o.s.c.s.PostProcessorRegistrationDelegate$BeanPostProcessorChecker - Bean 'com.baomidou.dynamic.datasource.spring.boot.autoconfigure.DynamicDataSourceAutoConfiguration' of type [com.baomidou.dynamic.datasource.spring.boot.autoconfigure.DynamicDataSourceAutoConfiguration$$EnhancerBySpringCGLIB$$d9673dc2] is not eligible for getting processed by all BeanPostProcessors (for example: not eligible for auto-proxying)
2021-01-29 18:17:43.048 INFO  [main] o.s.c.s.PostProcessorRegistrationDelegate$BeanPostProcessorChecker - Bean 'dsProcessor' of type [com.baomidou.dynamic.datasource.processor.DsHeaderProcessor] is not eligible for getting processed by all BeanPostProcessors (for example: not eligible for auto-proxying)
2021-01-29 18:17:43.054 INFO  [main] o.s.c.s.PostProcessorRegistrationDelegate$BeanPostProcessorChecker - Bean 'dynamicDatasourceAnnotationAdvisor' of type [com.baomidou.dynamic.datasource.aop.DynamicDataSourceAnnotationAdvisor] is not eligible for getting processed by all BeanPostProcessors (for example: not eligible for auto-proxying)
2021-01-29 18:17:43.066 INFO  [main] o.s.c.s.PostProcessorRegistrationDelegate$BeanPostProcessorChecker - Bean 'org.springframework.transaction.annotation.ProxyTransactionManagementConfiguration' of type [org.springframework.transaction.annotation.ProxyTransactionManagementConfiguration] is not eligible for getting processed by all BeanPostProcessors (for example: not eligible for auto-proxying)
2021-01-29 18:17:43.560 INFO  [main] o.s.boot.web.embedded.tomcat.TomcatWebServer - Tomcat initialized with port(s): 8080 (http)
2021-01-29 18:17:43.577 INFO  [main] org.apache.coyote.http11.Http11NioProtocol - Initializing ProtocolHandler ["http-nio-8080"]
2021-01-29 18:17:43.578 INFO  [main] org.apache.catalina.core.StandardService - Starting service [Tomcat]
2021-01-29 18:17:43.578 INFO  [main] org.apache.catalina.core.StandardEngine - Starting Servlet engine: [Apache Tomcat/9.0.27]
2021-01-29 18:17:43.831 INFO  [main] o.a.c.core.ContainerBase.[Tomcat].[localhost].[/] - Initializing Spring embedded WebApplicationContext
2021-01-29 18:17:43.832 INFO  [main] org.springframework.web.context.ContextLoader - Root WebApplicationContext: initialization completed in 3958 ms
2021-01-29 18:17:43.952 INFO  [main] o.a.c.core.ContainerBase.[Tomcat].[localhost].[/] - Set web app root system property: 'webapp.root' = [C:\Users\Administrator\AppData\Local\Temp\tomcat-docbase.6046070005182127785.8080\]
2021-01-29 18:17:44.184 INFO  [main] c.b.dynamic.datasource.DynamicDataSourceCreator - 动态数据源-检测到druid存在,如配置中未指定type,druid会默认配置
2021-01-29 18:17:44.192 INFO  [main] c.b.dynamic.datasource.DynamicRoutingDataSource - 初始共加载 0 个数据源
2021-01-29 18:17:44.196 WARN  [main] o.s.b.w.s.c.AnnotationConfigServletWebServerApplicationContext - Exception encountered during context initialization - cancelling refresh attempt: org.springframework.beans.factory.UnsatisfiedDependencyException: Error creating bean with name 'UXjAstoryCategoryController': Unsatisfied dependency expressed through field 'baseService'; nested exception is org.springframework.beans.factory.UnsatisfiedDependencyException: Error creating bean with name 'xjAstoryCategoryServiceImpl': Unsatisfied dependency expressed through field 'baseMapper'; nested exception is org.springframework.beans.factory.UnsatisfiedDependencyException: Error creating bean with name 'xjAstoryCategoryMapper' defined in file [F:\workspace\code\git2020-12\spring-boot-plus2\xj-server\xj-test-server\target\classes\com\ws\ldy\modules\yw\astory\mapper\XjAstoryCategoryMapper.class]: Unsatisfied dependency expressed through bean property 'sqlSessionFactory'; nested exception is org.springframework.beans.factory.UnsatisfiedDependencyException: Error creating bean with name 'sqlSessionFactory' defined in class path resource [com/baomidou/mybatisplus/autoconfigure/MybatisPlusAutoConfiguration.class]: Unsatisfied dependency expressed through method 'sqlSessionFactory' parameter 0; nested exception is org.springframework.beans.factory.BeanCreationException: Error creating bean with name 'dataSource' defined in class path resource [com/baomidou/dynamic/datasource/spring/boot/autoconfigure/DynamicDataSourceAutoConfiguration.class]: Invocation of init method failed; nested exception is java.lang.RuntimeException: 请检查primary默认数据库设置
2021-01-29 18:17:44.200 INFO  [main] org.apache.catalina.core.StandardService - Stopping service [Tomcat]
2021-01-29 18:17:44.224 INFO  [main] o.s.b.a.l.ConditionEvaluationReportLoggingListener - 

Error starting ApplicationContext. To display the conditions report re-run your application with 'debug' enabled.
